2021-04-15 01:26:31,890 - INFO - 窦永厚 信息写入csv文件完毕，保存路径:
2021-04-15 01:26:31,890 - INFO - D:\code\weibo-master\src\main\python\weibo\users.csv
2021-04-15 01:26:31,906 - INFO - 窦永厚信息写入MySQL数据库完毕
2021-04-15 01:26:31,921 - INFO - ++++++++++++++++++++++++++++++++++++++++++++++++++++++++++++++++++++++++++++++++++++++++++++++++++++
2021-04-15 01:26:31,921 - INFO - 用户信息
2021-04-15 01:26:31,921 - INFO - 用户id：5782957659
2021-04-15 01:26:31,921 - INFO - 用户昵称：窦永厚
2021-04-15 01:26:31,921 - INFO - 性别：男
2021-04-15 01:26:31,921 - INFO - 生日：
2021-04-15 01:26:31,921 - INFO - 所在地：山西 太原
2021-04-15 01:26:31,921 - INFO - 教育经历：
2021-04-15 01:26:31,921 - INFO - 公司：
2021-04-15 01:26:31,921 - INFO - 阳光信用：
2021-04-15 01:26:31,921 - INFO - 注册时间：
2021-04-15 01:26:31,921 - INFO - 微博数：12
2021-04-15 01:26:31,921 - INFO - 粉丝数：20
2021-04-15 01:26:31,921 - INFO - 关注数：10
2021-04-15 01:26:31,921 - INFO - url：https://m.weibo.cn/profile/5782957659
2021-04-15 01:26:31,921 - INFO - 
2021-04-15 01:26:31,921 - INFO - ++++++++++++++++++++++++++++++++++++++++++++++++++++++++++++++++++++++++++++++++++++++++++++++++++++
2021-04-15 01:26:32,281 - INFO - 微博id：4481327673531073
2021-04-15 01:26:32,281 - INFO - 微博正文：hive调优之map task数量 网页链接 
2021-04-15 01:26:32,281 - INFO - 原始图片url：
2021-04-15 01:26:32,281 - INFO - 微博位置：
2021-04-15 01:26:32,281 - INFO - 发布时间：2020-03-11
2021-04-15 01:26:32,281 - INFO - 发布工具：分享按钮
2021-04-15 01:26:32,281 - INFO - 点赞数：0
2021-04-15 01:26:32,281 - INFO - 评论数：0
2021-04-15 01:26:32,281 - INFO - 转发数：0
2021-04-15 01:26:32,281 - INFO - 话题：
2021-04-15 01:26:32,281 - INFO - @用户：
2021-04-15 01:26:32,281 - INFO - url：https://m.weibo.cn/detail/4481327673531073
2021-04-15 01:26:32,296 - INFO - ------------------------------------------------------------------------------------------------------------------------
2021-04-15 01:26:32,296 - INFO - 微博id：4481317577995867
2021-04-15 01:26:32,296 - INFO - 微博正文：hive调优之map task数量 网页链接 
2021-04-15 01:26:32,296 - INFO - 原始图片url：
2021-04-15 01:26:32,296 - INFO - 微博位置：
2021-04-15 01:26:32,296 - INFO - 发布时间：2020-03-11
2021-04-15 01:26:32,296 - INFO - 发布工具：分享按钮
2021-04-15 01:26:32,296 - INFO - 点赞数：0
2021-04-15 01:26:32,296 - INFO - 评论数：1
2021-04-15 01:26:32,296 - INFO - 转发数：0
2021-04-15 01:26:32,296 - INFO - 话题：
2021-04-15 01:26:32,296 - INFO - @用户：
2021-04-15 01:26:32,296 - INFO - url：https://m.weibo.cn/detail/4481317577995867
2021-04-15 01:26:32,296 - INFO - ------------------------------------------------------------------------------------------------------------------------
2021-04-15 01:26:32,296 - INFO - 微博id：4480909447458259
2021-04-15 01:26:32,296 - INFO - 微博正文：hive调优之map task数量 网页链接 
2021-04-15 01:26:32,296 - INFO - 原始图片url：
2021-04-15 01:26:32,296 - INFO - 微博位置：
2021-04-15 01:26:32,296 - INFO - 发布时间：2020-03-10
2021-04-15 01:26:32,296 - INFO - 发布工具：分享按钮
2021-04-15 01:26:32,296 - INFO - 点赞数：0
2021-04-15 01:26:32,296 - INFO - 评论数：0
2021-04-15 01:26:32,296 - INFO - 转发数：0
2021-04-15 01:26:32,296 - INFO - 话题：
2021-04-15 01:26:32,296 - INFO - @用户：
2021-04-15 01:26:32,296 - INFO - url：https://m.weibo.cn/detail/4480909447458259
2021-04-15 01:26:32,296 - INFO - ------------------------------------------------------------------------------------------------------------------------
2021-04-15 01:26:32,296 - INFO - 微博id：4478377169984885
2021-04-15 01:26:32,296 - INFO - 微博正文：史上最全的git操作 网页链接 
2021-04-15 01:26:32,296 - INFO - 原始图片url：
2021-04-15 01:26:32,296 - INFO - 微博位置：
2021-04-15 01:26:32,296 - INFO - 发布时间：2020-03-03
2021-04-15 01:26:32,296 - INFO - 发布工具：分享按钮
2021-04-15 01:26:32,296 - INFO - 点赞数：0
2021-04-15 01:26:32,296 - INFO - 评论数：0
2021-04-15 01:26:32,296 - INFO - 转发数：0
2021-04-15 01:26:32,296 - INFO - 话题：
2021-04-15 01:26:32,296 - INFO - @用户：
2021-04-15 01:26:32,296 - INFO - url：https://m.weibo.cn/detail/4478377169984885
2021-04-15 01:26:32,296 - INFO - ------------------------------------------------------------------------------------------------------------------------
2021-04-15 01:26:32,296 - INFO - 微博id：4478107375097886
2021-04-15 01:26:32,296 - INFO - 微博正文：hive transform 网页链接 
2021-04-15 01:26:32,296 - INFO - 原始图片url：
2021-04-15 01:26:32,296 - INFO - 微博位置：
2021-04-15 01:26:32,296 - INFO - 发布时间：2020-03-02
2021-04-15 01:26:32,296 - INFO - 发布工具：分享按钮
2021-04-15 01:26:32,296 - INFO - 点赞数：0
2021-04-15 01:26:32,296 - INFO - 评论数：0
2021-04-15 01:26:32,296 - INFO - 转发数：0
2021-04-15 01:26:32,296 - INFO - 话题：
2021-04-15 01:26:32,296 - INFO - @用户：
2021-04-15 01:26:32,296 - INFO - url：https://m.weibo.cn/detail/4478107375097886
2021-04-15 01:26:32,296 - INFO - ------------------------------------------------------------------------------------------------------------------------
2021-04-15 01:26:32,296 - INFO - 微博id：4413569028274724
2021-04-15 01:26:32,296 - INFO - 微博正文：【linux】 sed、awk、cut、sort、uniq等命令-更新版 网页链接 
2021-04-15 01:26:32,296 - INFO - 原始图片url：
2021-04-15 01:26:32,296 - INFO - 微博位置：
2021-04-15 01:26:32,296 - INFO - 发布时间：2019-09-06
2021-04-15 01:26:32,296 - INFO - 发布工具：分享按钮
2021-04-15 01:26:32,296 - INFO - 点赞数：0
2021-04-15 01:26:32,296 - INFO - 评论数：0
2021-04-15 01:26:32,296 - INFO - 转发数：0
2021-04-15 01:26:32,296 - INFO - 话题：
2021-04-15 01:26:32,296 - INFO - @用户：
2021-04-15 01:26:32,296 - INFO - url：https://m.weibo.cn/detail/4413569028274724
2021-04-15 01:26:32,296 - INFO - ------------------------------------------------------------------------------------------------------------------------
2021-04-15 01:26:32,312 - INFO - 微博id：4413489395334858
2021-04-15 01:26:32,312 - INFO - 微博正文：【linux】 sed、awk、cut、sort、uniq等命令 网页链接 
2021-04-15 01:26:32,312 - INFO - 原始图片url：
2021-04-15 01:26:32,312 - INFO - 微博位置：
2021-04-15 01:26:32,312 - INFO - 发布时间：2019-09-06
2021-04-15 01:26:32,312 - INFO - 发布工具：分享按钮
2021-04-15 01:26:32,312 - INFO - 点赞数：0
2021-04-15 01:26:32,312 - INFO - 评论数：0
2021-04-15 01:26:32,312 - INFO - 转发数：0
2021-04-15 01:26:32,312 - INFO - 话题：
2021-04-15 01:26:32,312 - INFO - @用户：
2021-04-15 01:26:32,312 - INFO - url：https://m.weibo.cn/detail/4413489395334858
2021-04-15 01:26:32,312 - INFO - ------------------------------------------------------------------------------------------------------------------------
2021-04-15 01:26:32,312 - INFO - 微博id：4413204560317994
2021-04-15 01:26:32,312 - INFO - 微博正文：192. 统计词频 - 力扣（LeetCode） 网页链接 
2021-04-15 01:26:32,312 - INFO - 原始图片url：
2021-04-15 01:26:32,312 - INFO - 微博位置：
2021-04-15 01:26:32,312 - INFO - 发布时间：2019-09-05
2021-04-15 01:26:32,312 - INFO - 发布工具：分享按钮
2021-04-15 01:26:32,312 - INFO - 点赞数：0
2021-04-15 01:26:32,312 - INFO - 评论数：0
2021-04-15 01:26:32,312 - INFO - 转发数：0
2021-04-15 01:26:32,312 - INFO - 话题：
2021-04-15 01:26:32,312 - INFO - @用户：
2021-04-15 01:26:32,312 - INFO - url：https://m.weibo.cn/detail/4413204560317994
2021-04-15 01:26:32,312 - INFO - ------------------------------------------------------------------------------------------------------------------------
2021-04-15 01:26:32,312 - INFO - 微博id：4413164596320598
2021-04-15 01:26:32,312 - INFO - 微博正文：177. 第N高的薪水 - 力扣（LeetCode） 网页链接 
2021-04-15 01:26:32,312 - INFO - 原始图片url：
2021-04-15 01:26:32,312 - INFO - 微博位置：
2021-04-15 01:26:32,312 - INFO - 发布时间：2019-09-05
2021-04-15 01:26:32,312 - INFO - 发布工具：分享按钮
2021-04-15 01:26:32,312 - INFO - 点赞数：0
2021-04-15 01:26:32,312 - INFO - 评论数：0
2021-04-15 01:26:32,312 - INFO - 转发数：0
2021-04-15 01:26:32,312 - INFO - 话题：
2021-04-15 01:26:32,312 - INFO - @用户：
2021-04-15 01:26:32,312 - INFO - url：https://m.weibo.cn/detail/4413164596320598
2021-04-15 01:26:32,312 - INFO - ------------------------------------------------------------------------------------------------------------------------
2021-04-15 01:26:32,312 - INFO - ------------------------------已获取窦永厚(5782957659)的第1页微博------------------------------
2021-04-15 01:26:32,546 - INFO - 微博id：4412853144594504
2021-04-15 01:26:32,546 - INFO - 微博正文：【linux】 sed、awk、cut、sort、uniq等命令 网页链接 
2021-04-15 01:26:32,546 - INFO - 原始图片url：
2021-04-15 01:26:32,546 - INFO - 微博位置：
2021-04-15 01:26:32,546 - INFO - 发布时间：2019-09-04
2021-04-15 01:26:32,546 - INFO - 发布工具：分享按钮
2021-04-15 01:26:32,546 - INFO - 点赞数：0
2021-04-15 01:26:32,546 - INFO - 评论数：0
2021-04-15 01:26:32,546 - INFO - 转发数：0
2021-04-15 01:26:32,546 - INFO - 话题：
2021-04-15 01:26:32,546 - INFO - @用户：
2021-04-15 01:26:32,546 - INFO - url：https://m.weibo.cn/detail/4412853144594504
2021-04-15 01:26:32,546 - INFO - ------------------------------------------------------------------------------------------------------------------------
2021-04-15 01:26:32,546 - INFO - 微博id：4412852674369454
2021-04-15 01:26:32,546 - INFO - 微博正文：SHELL剔除另一个的文件内容-CSDN下载 网页链接 
2021-04-15 01:26:32,546 - INFO - 原始图片url：
2021-04-15 01:26:32,546 - INFO - 微博位置：
2021-04-15 01:26:32,546 - INFO - 发布时间：2019-09-04
2021-04-15 01:26:32,546 - INFO - 发布工具：百度分享
2021-04-15 01:26:32,546 - INFO - 点赞数：0
2021-04-15 01:26:32,546 - INFO - 评论数：0
2021-04-15 01:26:32,546 - INFO - 转发数：0
2021-04-15 01:26:32,546 - INFO - 话题：
2021-04-15 01:26:32,546 - INFO - @用户：
2021-04-15 01:26:32,546 - INFO - url：https://m.weibo.cn/detail/4412852674369454
2021-04-15 01:26:32,546 - INFO - ------------------------------------------------------------------------------------------------------------------------
2021-04-15 01:26:32,546 - INFO - ------------------------------已获取窦永厚(5782957659)的第2页微博------------------------------
2021-04-15 01:26:32,577 - INFO - 11条微博写入csv文件完毕,保存路径:
2021-04-15 01:26:32,577 - INFO - D:\code\weibo-master\src\main\python\weibo\窦永厚\5782957659.csv
2021-04-15 01:26:32,609 - INFO - 11条微博写入MySQL数据库完毕
2021-04-15 01:26:32,609 - INFO - 微博爬取完成，共爬取11条微博
2021-04-15 01:26:32,609 - INFO - 信息抓取完毕
2021-04-15 01:26:32,609 - INFO - ****************************************************************************************************
2021-04-15 01:27:14,964 - INFO - 窦永厚 信息写入csv文件完毕，保存路径:
2021-04-15 01:27:14,964 - INFO - D:\code\weibo-master\src\main\python\weibo\users.csv
2021-04-15 01:27:14,985 - INFO - 窦永厚信息写入MySQL数据库完毕
2021-04-15 01:27:14,985 - INFO - ++++++++++++++++++++++++++++++++++++++++++++++++++++++++++++++++++++++++++++++++++++++++++++++++++++
2021-04-15 01:27:14,985 - INFO - 用户信息
2021-04-15 01:27:14,986 - INFO - 用户id：5782957659
2021-04-15 01:27:14,986 - INFO - 用户昵称：窦永厚
2021-04-15 01:27:14,986 - INFO - 性别：男
2021-04-15 01:27:14,986 - INFO - 生日：
2021-04-15 01:27:14,986 - INFO - 所在地：山西 太原
2021-04-15 01:27:14,986 - INFO - 教育经历：
2021-04-15 01:27:14,986 - INFO - 公司：
2021-04-15 01:27:14,986 - INFO - 阳光信用：
2021-04-15 01:27:14,987 - INFO - 注册时间：
2021-04-15 01:27:14,987 - INFO - 微博数：12
2021-04-15 01:27:14,987 - INFO - 粉丝数：20
2021-04-15 01:27:14,987 - INFO - 关注数：10
2021-04-15 01:27:14,987 - INFO - url：https://m.weibo.cn/profile/5782957659
2021-04-15 01:27:14,987 - INFO - 
2021-04-15 01:27:14,987 - INFO - ++++++++++++++++++++++++++++++++++++++++++++++++++++++++++++++++++++++++++++++++++++++++++++++++++++
2021-04-15 01:27:15,412 - INFO - 微博id：4481327673531073
2021-04-15 01:27:15,412 - INFO - 微博正文：hive调优之map task数量 网页链接 
2021-04-15 01:27:15,412 - INFO - 原始图片url：
2021-04-15 01:27:15,412 - INFO - 微博位置：
2021-04-15 01:27:15,412 - INFO - 发布时间：2020-03-11
2021-04-15 01:27:15,412 - INFO - 发布工具：分享按钮
2021-04-15 01:27:15,412 - INFO - 点赞数：0
2021-04-15 01:27:15,412 - INFO - 评论数：0
2021-04-15 01:27:15,412 - INFO - 转发数：0
2021-04-15 01:27:15,413 - INFO - 话题：
2021-04-15 01:27:15,413 - INFO - @用户：
2021-04-15 01:27:15,413 - INFO - url：https://m.weibo.cn/detail/4481327673531073
2021-04-15 01:27:15,413 - INFO - ------------------------------------------------------------------------------------------------------------------------
2021-04-15 01:27:15,414 - INFO - 微博id：4481317577995867
2021-04-15 01:27:15,414 - INFO - 微博正文：hive调优之map task数量 网页链接 
2021-04-15 01:27:15,414 - INFO - 原始图片url：
2021-04-15 01:27:15,414 - INFO - 微博位置：
2021-04-15 01:27:15,414 - INFO - 发布时间：2020-03-11
2021-04-15 01:27:15,414 - INFO - 发布工具：分享按钮
2021-04-15 01:27:15,415 - INFO - 点赞数：0
2021-04-15 01:27:15,415 - INFO - 评论数：1
2021-04-15 01:27:15,415 - INFO - 转发数：0
2021-04-15 01:27:15,415 - INFO - 话题：
2021-04-15 01:27:15,415 - INFO - @用户：
2021-04-15 01:27:15,415 - INFO - url：https://m.weibo.cn/detail/4481317577995867
2021-04-15 01:27:15,415 - INFO - ------------------------------------------------------------------------------------------------------------------------
2021-04-15 01:27:15,416 - INFO - 微博id：4480909447458259
2021-04-15 01:27:15,416 - INFO - 微博正文：hive调优之map task数量 网页链接 
2021-04-15 01:27:15,416 - INFO - 原始图片url：
2021-04-15 01:27:15,417 - INFO - 微博位置：
2021-04-15 01:27:15,417 - INFO - 发布时间：2020-03-10
2021-04-15 01:27:15,417 - INFO - 发布工具：分享按钮
2021-04-15 01:27:15,417 - INFO - 点赞数：0
2021-04-15 01:27:15,417 - INFO - 评论数：0
2021-04-15 01:27:15,417 - INFO - 转发数：0
2021-04-15 01:27:15,417 - INFO - 话题：
2021-04-15 01:27:15,417 - INFO - @用户：
2021-04-15 01:27:15,417 - INFO - url：https://m.weibo.cn/detail/4480909447458259
2021-04-15 01:27:15,418 - INFO - ------------------------------------------------------------------------------------------------------------------------
2021-04-15 01:27:15,418 - INFO - 微博id：4478377169984885
2021-04-15 01:27:15,419 - INFO - 微博正文：史上最全的git操作 网页链接 
2021-04-15 01:27:15,419 - INFO - 原始图片url：
2021-04-15 01:27:15,419 - INFO - 微博位置：
2021-04-15 01:27:15,419 - INFO - 发布时间：2020-03-03
2021-04-15 01:27:15,419 - INFO - 发布工具：分享按钮
2021-04-15 01:27:15,419 - INFO - 点赞数：0
2021-04-15 01:27:15,419 - INFO - 评论数：0
2021-04-15 01:27:15,420 - INFO - 转发数：0
2021-04-15 01:27:15,420 - INFO - 话题：
2021-04-15 01:27:15,420 - INFO - @用户：
2021-04-15 01:27:15,420 - INFO - url：https://m.weibo.cn/detail/4478377169984885
2021-04-15 01:27:15,420 - INFO - ------------------------------------------------------------------------------------------------------------------------
2021-04-15 01:27:15,421 - INFO - 微博id：4478107375097886
2021-04-15 01:27:15,421 - INFO - 微博正文：hive transform 网页链接 
2021-04-15 01:27:15,422 - INFO - 原始图片url：
2021-04-15 01:27:15,422 - INFO - 微博位置：
2021-04-15 01:27:15,422 - INFO - 发布时间：2020-03-02
2021-04-15 01:27:15,422 - INFO - 发布工具：分享按钮
2021-04-15 01:27:15,422 - INFO - 点赞数：0
2021-04-15 01:27:15,422 - INFO - 评论数：0
2021-04-15 01:27:15,422 - INFO - 转发数：0
2021-04-15 01:27:15,422 - INFO - 话题：
2021-04-15 01:27:15,423 - INFO - @用户：
2021-04-15 01:27:15,423 - INFO - url：https://m.weibo.cn/detail/4478107375097886
2021-04-15 01:27:15,423 - INFO - ------------------------------------------------------------------------------------------------------------------------
2021-04-15 01:27:15,424 - INFO - 微博id：4413569028274724
2021-04-15 01:27:15,424 - INFO - 微博正文：【linux】 sed、awk、cut、sort、uniq等命令-更新版 网页链接 
2021-04-15 01:27:15,424 - INFO - 原始图片url：
2021-04-15 01:27:15,424 - INFO - 微博位置：
2021-04-15 01:27:15,424 - INFO - 发布时间：2019-09-06
2021-04-15 01:27:15,424 - INFO - 发布工具：分享按钮
2021-04-15 01:27:15,425 - INFO - 点赞数：0
2021-04-15 01:27:15,425 - INFO - 评论数：0
2021-04-15 01:27:15,425 - INFO - 转发数：0
2021-04-15 01:27:15,425 - INFO - 话题：
2021-04-15 01:27:15,425 - INFO - @用户：
2021-04-15 01:27:15,425 - INFO - url：https://m.weibo.cn/detail/4413569028274724
2021-04-15 01:27:15,426 - INFO - ------------------------------------------------------------------------------------------------------------------------
2021-04-15 01:27:15,427 - INFO - 微博id：4413489395334858
2021-04-15 01:27:15,427 - INFO - 微博正文：【linux】 sed、awk、cut、sort、uniq等命令 网页链接 
2021-04-15 01:27:15,427 - INFO - 原始图片url：
2021-04-15 01:27:15,428 - INFO - 微博位置：
2021-04-15 01:27:15,428 - INFO - 发布时间：2019-09-06
2021-04-15 01:27:15,428 - INFO - 发布工具：分享按钮
2021-04-15 01:27:15,428 - INFO - 点赞数：0
2021-04-15 01:27:15,428 - INFO - 评论数：0
2021-04-15 01:27:15,428 - INFO - 转发数：0
2021-04-15 01:27:15,428 - INFO - 话题：
2021-04-15 01:27:15,429 - INFO - @用户：
2021-04-15 01:27:15,429 - INFO - url：https://m.weibo.cn/detail/4413489395334858
2021-04-15 01:27:15,429 - INFO - ------------------------------------------------------------------------------------------------------------------------
2021-04-15 01:27:15,430 - INFO - 微博id：4413204560317994
2021-04-15 01:27:15,430 - INFO - 微博正文：192. 统计词频 - 力扣（LeetCode） 网页链接 
2021-04-15 01:27:15,430 - INFO - 原始图片url：
2021-04-15 01:27:15,430 - INFO - 微博位置：
2021-04-15 01:27:15,431 - INFO - 发布时间：2019-09-05
2021-04-15 01:27:15,431 - INFO - 发布工具：分享按钮
2021-04-15 01:27:15,431 - INFO - 点赞数：0
2021-04-15 01:27:15,431 - INFO - 评论数：0
2021-04-15 01:27:15,431 - INFO - 转发数：0
2021-04-15 01:27:15,431 - INFO - 话题：
2021-04-15 01:27:15,431 - INFO - @用户：
2021-04-15 01:27:15,431 - INFO - url：https://m.weibo.cn/detail/4413204560317994
2021-04-15 01:27:15,431 - INFO - ------------------------------------------------------------------------------------------------------------------------
2021-04-15 01:27:15,433 - INFO - 微博id：4413164596320598
2021-04-15 01:27:15,433 - INFO - 微博正文：177. 第N高的薪水 - 力扣（LeetCode） 网页链接 
2021-04-15 01:27:15,433 - INFO - 原始图片url：
2021-04-15 01:27:15,433 - INFO - 微博位置：
2021-04-15 01:27:15,433 - INFO - 发布时间：2019-09-05
2021-04-15 01:27:15,434 - INFO - 发布工具：分享按钮
2021-04-15 01:27:15,434 - INFO - 点赞数：0
2021-04-15 01:27:15,434 - INFO - 评论数：0
2021-04-15 01:27:15,434 - INFO - 转发数：0
2021-04-15 01:27:15,434 - INFO - 话题：
2021-04-15 01:27:15,434 - INFO - @用户：
2021-04-15 01:27:15,434 - INFO - url：https://m.weibo.cn/detail/4413164596320598
2021-04-15 01:27:15,434 - INFO - ------------------------------------------------------------------------------------------------------------------------
2021-04-15 01:27:15,436 - INFO - ------------------------------已获取窦永厚(5782957659)的第1页微博------------------------------
2021-04-15 01:27:23,682 - INFO - 微博id：4412853144594504
2021-04-15 01:27:23,682 - INFO - 微博正文：【linux】 sed、awk、cut、sort、uniq等命令 网页链接 
2021-04-15 01:27:23,682 - INFO - 原始图片url：
2021-04-15 01:27:23,683 - INFO - 微博位置：
2021-04-15 01:27:23,683 - INFO - 发布时间：2019-09-04
2021-04-15 01:27:23,683 - INFO - 发布工具：分享按钮
2021-04-15 01:27:23,683 - INFO - 点赞数：0
2021-04-15 01:27:23,683 - INFO - 评论数：0
2021-04-15 01:27:23,684 - INFO - 转发数：0
2021-04-15 01:27:23,684 - INFO - 话题：
2021-04-15 01:27:23,684 - INFO - @用户：
2021-04-15 01:27:23,684 - INFO - url：https://m.weibo.cn/detail/4412853144594504
2021-04-15 01:27:23,684 - INFO - ------------------------------------------------------------------------------------------------------------------------
2021-04-15 01:27:23,685 - INFO - 微博id：4412852674369454
2021-04-15 01:27:23,685 - INFO - 微博正文：SHELL剔除另一个的文件内容-CSDN下载 网页链接 
2021-04-15 01:27:23,686 - INFO - 原始图片url：
2021-04-15 01:27:23,686 - INFO - 微博位置：
2021-04-15 01:27:23,686 - INFO - 发布时间：2019-09-04
2021-04-15 01:27:23,686 - INFO - 发布工具：百度分享
2021-04-15 01:27:23,686 - INFO - 点赞数：0
2021-04-15 01:27:23,686 - INFO - 评论数：0
2021-04-15 01:27:23,686 - INFO - 转发数：0
2021-04-15 01:27:23,687 - INFO - 话题：
2021-04-15 01:27:23,687 - INFO - @用户：
2021-04-15 01:27:23,687 - INFO - url：https://m.weibo.cn/detail/4412852674369454
2021-04-15 01:27:23,687 - INFO - ------------------------------------------------------------------------------------------------------------------------
2021-04-15 01:27:23,687 - INFO - ------------------------------已获取窦永厚(5782957659)的第2页微博------------------------------
2021-04-15 01:27:23,689 - INFO - 11条微博写入csv文件完毕,保存路径:
2021-04-15 01:27:23,689 - INFO - D:\code\weibo-master\src\main\python\weibo\窦永厚\5782957659.csv
2021-04-15 01:27:23,712 - INFO - 11条微博写入MySQL数据库完毕
2021-04-15 01:27:23,712 - INFO - 微博爬取完成，共爬取11条微博
2021-04-15 01:27:23,712 - INFO - 信息抓取完毕
2021-04-15 01:27:23,712 - INFO - ****************************************************************************************************
2021-04-15 01:34:09,473 - INFO - 窦永厚 信息写入csv文件完毕，保存路径:
2021-04-15 01:34:09,474 - INFO - D:\code\weibo-master\src\main\python\weibo\users.csv
2021-04-15 01:34:09,500 - INFO - 窦永厚信息写入MySQL数据库完毕
2021-04-15 01:34:09,500 - INFO - ++++++++++++++++++++++++++++++++++++++++++++++++++++++++++++++++++++++++++++++++++++++++++++++++++++
2021-04-15 01:34:09,500 - INFO - 用户信息
2021-04-15 01:34:09,501 - INFO - 用户id：5782957659
2021-04-15 01:34:09,501 - INFO - 用户昵称：窦永厚
2021-04-15 01:34:09,501 - INFO - 性别：男
2021-04-15 01:34:09,501 - INFO - 生日：
2021-04-15 01:34:09,501 - INFO - 所在地：山西 太原
2021-04-15 01:34:09,501 - INFO - 教育经历：
2021-04-15 01:34:09,501 - INFO - 公司：
2021-04-15 01:34:09,502 - INFO - 阳光信用：
2021-04-15 01:34:09,502 - INFO - 注册时间：
2021-04-15 01:34:09,502 - INFO - 微博数：12
2021-04-15 01:34:09,502 - INFO - 粉丝数：20
2021-04-15 01:34:09,502 - INFO - 关注数：10
2021-04-15 01:34:09,502 - INFO - url：https://m.weibo.cn/profile/5782957659
2021-04-15 01:34:09,503 - INFO - 
2021-04-15 01:34:09,503 - INFO - ++++++++++++++++++++++++++++++++++++++++++++++++++++++++++++++++++++++++++++++++++++++++++++++++++++
2021-04-15 01:34:09,862 - INFO - 微博id：4481327673531073
2021-04-15 01:34:09,862 - INFO - 微博正文：hive调优之map task数量 网页链接 
2021-04-15 01:34:09,862 - INFO - 原始图片url：
2021-04-15 01:34:09,862 - INFO - 微博位置：
2021-04-15 01:34:09,863 - INFO - 发布时间：2020-03-11
2021-04-15 01:34:09,863 - INFO - 发布工具：分享按钮
2021-04-15 01:34:09,863 - INFO - 点赞数：0
2021-04-15 01:34:09,863 - INFO - 评论数：0
2021-04-15 01:34:09,863 - INFO - 转发数：0
2021-04-15 01:34:09,864 - INFO - 话题：
2021-04-15 01:34:09,864 - INFO - @用户：
2021-04-15 01:34:09,864 - INFO - url：https://m.weibo.cn/detail/4481327673531073
2021-04-15 01:34:09,864 - INFO - ------------------------------------------------------------------------------------------------------------------------
2021-04-15 01:34:09,865 - INFO - 微博id：4481317577995867
2021-04-15 01:34:09,866 - INFO - 微博正文：hive调优之map task数量 网页链接 
2021-04-15 01:34:09,866 - INFO - 原始图片url：
2021-04-15 01:34:09,866 - INFO - 微博位置：
2021-04-15 01:34:09,866 - INFO - 发布时间：2020-03-11
2021-04-15 01:34:09,867 - INFO - 发布工具：分享按钮
2021-04-15 01:34:09,867 - INFO - 点赞数：0
2021-04-15 01:34:09,867 - INFO - 评论数：1
2021-04-15 01:34:09,867 - INFO - 转发数：0
2021-04-15 01:34:09,867 - INFO - 话题：
2021-04-15 01:34:09,867 - INFO - @用户：
2021-04-15 01:34:09,868 - INFO - url：https://m.weibo.cn/detail/4481317577995867
2021-04-15 01:34:09,868 - INFO - ------------------------------------------------------------------------------------------------------------------------
2021-04-15 01:34:09,869 - INFO - 微博id：4480909447458259
2021-04-15 01:34:09,869 - INFO - 微博正文：hive调优之map task数量 网页链接 
2021-04-15 01:34:09,869 - INFO - 原始图片url：
2021-04-15 01:34:09,869 - INFO - 微博位置：
2021-04-15 01:34:09,870 - INFO - 发布时间：2020-03-10
2021-04-15 01:34:09,870 - INFO - 发布工具：分享按钮
2021-04-15 01:34:09,870 - INFO - 点赞数：0
2021-04-15 01:34:09,870 - INFO - 评论数：0
2021-04-15 01:34:09,870 - INFO - 转发数：0
2021-04-15 01:34:09,870 - INFO - 话题：
2021-04-15 01:34:09,870 - INFO - @用户：
2021-04-15 01:34:09,871 - INFO - url：https://m.weibo.cn/detail/4480909447458259
2021-04-15 01:34:09,871 - INFO - ------------------------------------------------------------------------------------------------------------------------
2021-04-15 01:34:09,871 - INFO - 微博id：4478377169984885
2021-04-15 01:34:09,872 - INFO - 微博正文：史上最全的git操作 网页链接 
2021-04-15 01:34:09,872 - INFO - 原始图片url：
2021-04-15 01:34:09,872 - INFO - 微博位置：
2021-04-15 01:34:09,872 - INFO - 发布时间：2020-03-03
2021-04-15 01:34:09,872 - INFO - 发布工具：分享按钮
2021-04-15 01:34:09,872 - INFO - 点赞数：0
2021-04-15 01:34:09,873 - INFO - 评论数：0
2021-04-15 01:34:09,873 - INFO - 转发数：0
2021-04-15 01:34:09,873 - INFO - 话题：
2021-04-15 01:34:09,874 - INFO - @用户：
2021-04-15 01:34:09,874 - INFO - url：https://m.weibo.cn/detail/4478377169984885
2021-04-15 01:34:09,874 - INFO - ------------------------------------------------------------------------------------------------------------------------
2021-04-15 01:34:09,875 - INFO - 微博id：4478107375097886
2021-04-15 01:34:09,875 - INFO - 微博正文：hive transform 网页链接 
2021-04-15 01:34:09,875 - INFO - 原始图片url：
2021-04-15 01:34:09,876 - INFO - 微博位置：
2021-04-15 01:34:09,876 - INFO - 发布时间：2020-03-02
2021-04-15 01:34:09,876 - INFO - 发布工具：分享按钮
2021-04-15 01:34:09,876 - INFO - 点赞数：0
2021-04-15 01:34:09,876 - INFO - 评论数：0
2021-04-15 01:34:09,876 - INFO - 转发数：0
2021-04-15 01:34:09,876 - INFO - 话题：
2021-04-15 01:34:09,877 - INFO - @用户：
2021-04-15 01:34:09,877 - INFO - url：https://m.weibo.cn/detail/4478107375097886
2021-04-15 01:34:09,877 - INFO - ------------------------------------------------------------------------------------------------------------------------
2021-04-15 01:34:09,878 - INFO - 微博id：4413569028274724
2021-04-15 01:34:09,878 - INFO - 微博正文：【linux】 sed、awk、cut、sort、uniq等命令-更新版 网页链接 
2021-04-15 01:34:09,878 - INFO - 原始图片url：
2021-04-15 01:34:09,878 - INFO - 微博位置：
2021-04-15 01:34:09,878 - INFO - 发布时间：2019-09-06
2021-04-15 01:34:09,878 - INFO - 发布工具：分享按钮
2021-04-15 01:34:09,879 - INFO - 点赞数：0
2021-04-15 01:34:09,879 - INFO - 评论数：0
2021-04-15 01:34:09,879 - INFO - 转发数：0
2021-04-15 01:34:09,879 - INFO - 话题：
2021-04-15 01:34:09,879 - INFO - @用户：
2021-04-15 01:34:09,879 - INFO - url：https://m.weibo.cn/detail/4413569028274724
2021-04-15 01:34:09,880 - INFO - ------------------------------------------------------------------------------------------------------------------------
2021-04-15 01:34:09,881 - INFO - 微博id：4413489395334858
2021-04-15 01:34:09,882 - INFO - 微博正文：【linux】 sed、awk、cut、sort、uniq等命令 网页链接 
2021-04-15 01:34:09,882 - INFO - 原始图片url：
2021-04-15 01:34:09,882 - INFO - 微博位置：
2021-04-15 01:34:09,882 - INFO - 发布时间：2019-09-06
2021-04-15 01:34:09,882 - INFO - 发布工具：分享按钮
2021-04-15 01:34:09,882 - INFO - 点赞数：0
2021-04-15 01:34:09,882 - INFO - 评论数：0
2021-04-15 01:34:09,882 - INFO - 转发数：0
2021-04-15 01:34:09,883 - INFO - 话题：
2021-04-15 01:34:09,883 - INFO - @用户：
2021-04-15 01:34:09,883 - INFO - url：https://m.weibo.cn/detail/4413489395334858
2021-04-15 01:34:09,883 - INFO - ------------------------------------------------------------------------------------------------------------------------
2021-04-15 01:34:09,884 - INFO - 微博id：4413204560317994
2021-04-15 01:34:09,884 - INFO - 微博正文：192. 统计词频 - 力扣（LeetCode） 网页链接 
2021-04-15 01:34:09,885 - INFO - 原始图片url：
2021-04-15 01:34:09,885 - INFO - 微博位置：
2021-04-15 01:34:09,885 - INFO - 发布时间：2019-09-05
2021-04-15 01:34:09,885 - INFO - 发布工具：分享按钮
2021-04-15 01:34:09,885 - INFO - 点赞数：0
2021-04-15 01:34:09,885 - INFO - 评论数：0
2021-04-15 01:34:09,886 - INFO - 转发数：0
2021-04-15 01:34:09,886 - INFO - 话题：
2021-04-15 01:34:09,886 - INFO - @用户：
2021-04-15 01:34:09,886 - INFO - url：https://m.weibo.cn/detail/4413204560317994
2021-04-15 01:34:09,886 - INFO - ------------------------------------------------------------------------------------------------------------------------
2021-04-15 01:34:09,887 - INFO - 微博id：4413164596320598
2021-04-15 01:34:09,888 - INFO - 微博正文：177. 第N高的薪水 - 力扣（LeetCode） 网页链接 
2021-04-15 01:34:09,888 - INFO - 原始图片url：
2021-04-15 01:34:09,888 - INFO - 微博位置：
2021-04-15 01:34:09,889 - INFO - 发布时间：2019-09-05
2021-04-15 01:34:09,889 - INFO - 发布工具：分享按钮
2021-04-15 01:34:09,889 - INFO - 点赞数：0
2021-04-15 01:34:09,889 - INFO - 评论数：0
2021-04-15 01:34:09,889 - INFO - 转发数：0
2021-04-15 01:34:09,890 - INFO - 话题：
2021-04-15 01:34:09,890 - INFO - @用户：
2021-04-15 01:34:09,890 - INFO - url：https://m.weibo.cn/detail/4413164596320598
2021-04-15 01:34:09,890 - INFO - ------------------------------------------------------------------------------------------------------------------------
2021-04-15 01:34:09,891 - INFO - ------------------------------已获取窦永厚(5782957659)的第1页微博------------------------------
2021-04-15 01:34:10,118 - INFO - 微博id：4412853144594504
2021-04-15 01:34:10,118 - INFO - 微博正文：【linux】 sed、awk、cut、sort、uniq等命令 网页链接 
2021-04-15 01:34:10,118 - INFO - 原始图片url：
2021-04-15 01:34:10,118 - INFO - 微博位置：
2021-04-15 01:34:10,118 - INFO - 发布时间：2019-09-04
2021-04-15 01:34:10,118 - INFO - 发布工具：分享按钮
2021-04-15 01:34:10,119 - INFO - 点赞数：0
2021-04-15 01:34:10,119 - INFO - 评论数：0
2021-04-15 01:34:10,119 - INFO - 转发数：0
2021-04-15 01:34:10,119 - INFO - 话题：
2021-04-15 01:34:10,119 - INFO - @用户：
2021-04-15 01:34:10,119 - INFO - url：https://m.weibo.cn/detail/4412853144594504
2021-04-15 01:34:10,120 - INFO - ------------------------------------------------------------------------------------------------------------------------
2021-04-15 01:34:10,121 - INFO - 微博id：4412852674369454
2021-04-15 01:34:10,121 - INFO - 微博正文：SHELL剔除另一个的文件内容-CSDN下载 网页链接 
2021-04-15 01:34:10,121 - INFO - 原始图片url：
2021-04-15 01:34:10,121 - INFO - 微博位置：
2021-04-15 01:34:10,122 - INFO - 发布时间：2019-09-04
2021-04-15 01:34:10,122 - INFO - 发布工具：百度分享
2021-04-15 01:34:10,122 - INFO - 点赞数：0
2021-04-15 01:34:10,122 - INFO - 评论数：0
2021-04-15 01:34:10,122 - INFO - 转发数：0
2021-04-15 01:34:10,123 - INFO - 话题：
2021-04-15 01:34:10,123 - INFO - @用户：
2021-04-15 01:34:10,123 - INFO - url：https://m.weibo.cn/detail/4412852674369454
2021-04-15 01:34:10,123 - INFO - ------------------------------------------------------------------------------------------------------------------------
2021-04-15 01:34:10,124 - INFO - ------------------------------已获取窦永厚(5782957659)的第2页微博------------------------------
2021-04-15 01:34:10,126 - INFO - 11条微博写入csv文件完毕,保存路径:
2021-04-15 01:34:10,126 - INFO - D:\code\weibo-master\src\main\python\weibo\窦永厚\5782957659.csv
2021-04-15 01:34:10,144 - INFO - 11条微博写入MySQL数据库完毕
2021-04-15 01:34:10,145 - INFO - 微博爬取完成，共爬取11条微博
2021-04-15 01:34:10,145 - INFO - 信息抓取完毕
2021-04-15 01:34:10,145 - INFO - ****************************************************************************************************
2021-04-15 01:37:39,533 - INFO - 窦永厚 信息写入csv文件完毕，保存路径:
2021-04-15 01:37:39,534 - INFO - D:\code\weibo-master\src\main\python\weibo\users.csv
2021-04-15 01:37:39,576 - INFO - 窦永厚信息写入MySQL数据库完毕
2021-04-15 01:37:39,577 - INFO - ++++++++++++++++++++++++++++++++++++++++++++++++++++++++++++++++++++++++++++++++++++++++++++++++++++
2021-04-15 01:37:39,577 - INFO - 用户信息
2021-04-15 01:37:39,577 - INFO - 用户id：5782957659
2021-04-15 01:37:39,577 - INFO - 用户昵称：窦永厚
2021-04-15 01:37:39,577 - INFO - 性别：男
2021-04-15 01:37:39,578 - INFO - 生日：
2021-04-15 01:37:39,578 - INFO - 所在地：山西 太原
2021-04-15 01:37:39,578 - INFO - 教育经历：
2021-04-15 01:37:39,578 - INFO - 公司：
2021-04-15 01:37:39,578 - INFO - 阳光信用：
2021-04-15 01:37:39,579 - INFO - 注册时间：
2021-04-15 01:37:39,579 - INFO - 微博数：12
2021-04-15 01:37:39,579 - INFO - 粉丝数：20
2021-04-15 01:37:39,579 - INFO - 关注数：10
2021-04-15 01:37:39,579 - INFO - url：https://m.weibo.cn/profile/5782957659
2021-04-15 01:37:39,579 - INFO - 
2021-04-15 01:37:39,580 - INFO - ++++++++++++++++++++++++++++++++++++++++++++++++++++++++++++++++++++++++++++++++++++++++++++++++++++
2021-04-15 01:37:39,925 - INFO - 微博id：4481327673531073
2021-04-15 01:37:39,925 - INFO - 微博正文：hive调优之map task数量 网页链接 
2021-04-15 01:37:39,926 - INFO - 原始图片url：
2021-04-15 01:37:39,926 - INFO - 微博位置：
2021-04-15 01:37:39,926 - INFO - 发布时间：2020-03-11
2021-04-15 01:37:39,926 - INFO - 发布工具：分享按钮
2021-04-15 01:37:39,926 - INFO - 点赞数：0
2021-04-15 01:37:39,926 - INFO - 评论数：0
2021-04-15 01:37:39,926 - INFO - 转发数：0
2021-04-15 01:37:39,927 - INFO - 话题：
2021-04-15 01:37:39,927 - INFO - @用户：
2021-04-15 01:37:39,927 - INFO - url：https://m.weibo.cn/detail/4481327673531073
2021-04-15 01:37:39,927 - INFO - ------------------------------------------------------------------------------------------------------------------------
2021-04-15 01:37:39,928 - INFO - 微博id：4481317577995867
2021-04-15 01:37:39,928 - INFO - 微博正文：hive调优之map task数量 网页链接 
2021-04-15 01:37:39,929 - INFO - 原始图片url：
2021-04-15 01:37:39,929 - INFO - 微博位置：
2021-04-15 01:37:39,929 - INFO - 发布时间：2020-03-11
2021-04-15 01:37:39,930 - INFO - 发布工具：分享按钮
2021-04-15 01:37:39,930 - INFO - 点赞数：0
2021-04-15 01:37:39,930 - INFO - 评论数：1
2021-04-15 01:37:39,930 - INFO - 转发数：0
2021-04-15 01:37:39,930 - INFO - 话题：
2021-04-15 01:37:39,930 - INFO - @用户：
2021-04-15 01:37:39,931 - INFO - url：https://m.weibo.cn/detail/4481317577995867
2021-04-15 01:37:39,931 - INFO - ------------------------------------------------------------------------------------------------------------------------
2021-04-15 01:37:39,932 - INFO - 微博id：4480909447458259
2021-04-15 01:37:39,932 - INFO - 微博正文：hive调优之map task数量 网页链接 
2021-04-15 01:37:39,933 - INFO - 原始图片url：
2021-04-15 01:37:39,933 - INFO - 微博位置：
2021-04-15 01:37:39,933 - INFO - 发布时间：2020-03-10
2021-04-15 01:37:39,933 - INFO - 发布工具：分享按钮
2021-04-15 01:37:39,933 - INFO - 点赞数：0
2021-04-15 01:37:39,933 - INFO - 评论数：0
2021-04-15 01:37:39,934 - INFO - 转发数：0
2021-04-15 01:37:39,934 - INFO - 话题：
2021-04-15 01:37:39,934 - INFO - @用户：
2021-04-15 01:37:39,934 - INFO - url：https://m.weibo.cn/detail/4480909447458259
2021-04-15 01:37:39,935 - INFO - ------------------------------------------------------------------------------------------------------------------------
2021-04-15 01:37:39,937 - INFO - 微博id：4478377169984885
2021-04-15 01:37:39,937 - INFO - 微博正文：史上最全的git操作 网页链接 
2021-04-15 01:37:39,937 - INFO - 原始图片url：
2021-04-15 01:37:39,938 - INFO - 微博位置：
2021-04-15 01:37:39,938 - INFO - 发布时间：2020-03-03
2021-04-15 01:37:39,938 - INFO - 发布工具：分享按钮
2021-04-15 01:37:39,938 - INFO - 点赞数：0
2021-04-15 01:37:39,938 - INFO - 评论数：0
2021-04-15 01:37:39,938 - INFO - 转发数：0
2021-04-15 01:37:39,938 - INFO - 话题：
2021-04-15 01:37:39,939 - INFO - @用户：
2021-04-15 01:37:39,939 - INFO - url：https://m.weibo.cn/detail/4478377169984885
2021-04-15 01:37:39,939 - INFO - ------------------------------------------------------------------------------------------------------------------------
2021-04-15 01:37:39,940 - INFO - 微博id：4478107375097886
2021-04-15 01:37:39,941 - INFO - 微博正文：hive transform 网页链接 
2021-04-15 01:37:39,941 - INFO - 原始图片url：
2021-04-15 01:37:39,941 - INFO - 微博位置：
2021-04-15 01:37:39,941 - INFO - 发布时间：2020-03-02
2021-04-15 01:37:39,942 - INFO - 发布工具：分享按钮
2021-04-15 01:37:39,942 - INFO - 点赞数：0
2021-04-15 01:37:39,942 - INFO - 评论数：0
2021-04-15 01:37:39,942 - INFO - 转发数：0
2021-04-15 01:37:39,942 - INFO - 话题：
2021-04-15 01:37:39,943 - INFO - @用户：
2021-04-15 01:37:39,943 - INFO - url：https://m.weibo.cn/detail/4478107375097886
2021-04-15 01:37:39,943 - INFO - ------------------------------------------------------------------------------------------------------------------------
2021-04-15 01:37:39,945 - INFO - 微博id：4413569028274724
2021-04-15 01:37:39,945 - INFO - 微博正文：【linux】 sed、awk、cut、sort、uniq等命令-更新版 网页链接 
2021-04-15 01:37:39,945 - INFO - 原始图片url：
2021-04-15 01:37:39,945 - INFO - 微博位置：
2021-04-15 01:37:39,946 - INFO - 发布时间：2019-09-06
2021-04-15 01:37:39,946 - INFO - 发布工具：分享按钮
2021-04-15 01:37:39,946 - INFO - 点赞数：0
2021-04-15 01:37:39,946 - INFO - 评论数：0
2021-04-15 01:37:39,946 - INFO - 转发数：0
2021-04-15 01:37:39,946 - INFO - 话题：
2021-04-15 01:37:39,946 - INFO - @用户：
2021-04-15 01:37:39,947 - INFO - url：https://m.weibo.cn/detail/4413569028274724
2021-04-15 01:37:39,947 - INFO - ------------------------------------------------------------------------------------------------------------------------
2021-04-15 01:37:39,948 - INFO - 微博id：4413489395334858
2021-04-15 01:37:39,948 - INFO - 微博正文：【linux】 sed、awk、cut、sort、uniq等命令 网页链接 
2021-04-15 01:37:39,948 - INFO - 原始图片url：
2021-04-15 01:37:39,949 - INFO - 微博位置：
2021-04-15 01:37:39,949 - INFO - 发布时间：2019-09-06
2021-04-15 01:37:39,949 - INFO - 发布工具：分享按钮
2021-04-15 01:37:39,949 - INFO - 点赞数：0
2021-04-15 01:37:39,949 - INFO - 评论数：0
2021-04-15 01:37:39,949 - INFO - 转发数：0
2021-04-15 01:37:39,950 - INFO - 话题：
2021-04-15 01:37:39,950 - INFO - @用户：
2021-04-15 01:37:39,950 - INFO - url：https://m.weibo.cn/detail/4413489395334858
2021-04-15 01:37:39,950 - INFO - ------------------------------------------------------------------------------------------------------------------------
2021-04-15 01:37:39,953 - INFO - 微博id：4413204560317994
2021-04-15 01:37:39,954 - INFO - 微博正文：192. 统计词频 - 力扣（LeetCode） 网页链接 
2021-04-15 01:37:39,954 - INFO - 原始图片url：
2021-04-15 01:37:39,954 - INFO - 微博位置：
2021-04-15 01:37:39,955 - INFO - 发布时间：2019-09-05
2021-04-15 01:37:39,955 - INFO - 发布工具：分享按钮
2021-04-15 01:37:39,955 - INFO - 点赞数：0
2021-04-15 01:37:39,956 - INFO - 评论数：0
2021-04-15 01:37:39,956 - INFO - 转发数：0
2021-04-15 01:37:39,957 - INFO - 话题：
2021-04-15 01:37:39,957 - INFO - @用户：
2021-04-15 01:37:39,957 - INFO - url：https://m.weibo.cn/detail/4413204560317994
2021-04-15 01:37:39,957 - INFO - ------------------------------------------------------------------------------------------------------------------------
2021-04-15 01:37:39,959 - INFO - 微博id：4413164596320598
2021-04-15 01:37:39,960 - INFO - 微博正文：177. 第N高的薪水 - 力扣（LeetCode） 网页链接 
2021-04-15 01:37:39,960 - INFO - 原始图片url：
2021-04-15 01:37:39,960 - INFO - 微博位置：
2021-04-15 01:37:39,961 - INFO - 发布时间：2019-09-05
2021-04-15 01:37:39,961 - INFO - 发布工具：分享按钮
2021-04-15 01:37:39,961 - INFO - 点赞数：0
2021-04-15 01:37:39,961 - INFO - 评论数：0
2021-04-15 01:37:39,962 - INFO - 转发数：0
2021-04-15 01:37:39,962 - INFO - 话题：
2021-04-15 01:37:39,962 - INFO - @用户：
2021-04-15 01:37:39,962 - INFO - url：https://m.weibo.cn/detail/4413164596320598
2021-04-15 01:37:39,963 - INFO - ------------------------------------------------------------------------------------------------------------------------
2021-04-15 01:37:39,963 - INFO - ------------------------------已获取窦永厚(5782957659)的第1页微博------------------------------
2021-04-15 01:37:40,212 - INFO - 微博id：4412853144594504
2021-04-15 01:37:40,212 - INFO - 微博正文：【linux】 sed、awk、cut、sort、uniq等命令 网页链接 
2021-04-15 01:37:40,212 - INFO - 原始图片url：
2021-04-15 01:37:40,212 - INFO - 微博位置：
2021-04-15 01:37:40,213 - INFO - 发布时间：2019-09-04
2021-04-15 01:37:40,213 - INFO - 发布工具：分享按钮
2021-04-15 01:37:40,213 - INFO - 点赞数：0
2021-04-15 01:37:40,213 - INFO - 评论数：0
2021-04-15 01:37:40,213 - INFO - 转发数：0
2021-04-15 01:37:40,213 - INFO - 话题：
2021-04-15 01:37:40,213 - INFO - @用户：
2021-04-15 01:37:40,214 - INFO - url：https://m.weibo.cn/detail/4412853144594504
2021-04-15 01:37:40,214 - INFO - ------------------------------------------------------------------------------------------------------------------------
2021-04-15 01:37:40,214 - INFO - 微博id：4412852674369454
2021-04-15 01:37:40,215 - INFO - 微博正文：SHELL剔除另一个的文件内容-CSDN下载 网页链接 
2021-04-15 01:37:40,215 - INFO - 原始图片url：
2021-04-15 01:37:40,215 - INFO - 微博位置：
2021-04-15 01:37:40,215 - INFO - 发布时间：2019-09-04
2021-04-15 01:37:40,215 - INFO - 发布工具：百度分享
2021-04-15 01:37:40,215 - INFO - 点赞数：0
2021-04-15 01:37:40,216 - INFO - 评论数：0
2021-04-15 01:37:40,216 - INFO - 转发数：0
2021-04-15 01:37:40,216 - INFO - 话题：
2021-04-15 01:37:40,216 - INFO - @用户：
2021-04-15 01:37:40,216 - INFO - url：https://m.weibo.cn/detail/4412852674369454
2021-04-15 01:37:40,216 - INFO - ------------------------------------------------------------------------------------------------------------------------
2021-04-15 01:37:40,217 - INFO - ------------------------------已获取窦永厚(5782957659)的第2页微博------------------------------
2021-04-15 01:37:40,218 - INFO - 11条微博写入csv文件完毕,保存路径:
2021-04-15 01:37:40,219 - INFO - D:\code\weibo-master\src\main\python\weibo\窦永厚\5782957659.csv
2021-04-15 01:37:40,239 - INFO - 11条微博写入MySQL数据库完毕
2021-04-15 01:37:40,240 - INFO - 微博爬取完成，共爬取11条微博
2021-04-15 01:37:40,240 - INFO - 信息抓取完毕
2021-04-15 01:37:40,240 - INFO - ****************************************************************************************************
2021-04-15 01:41:20,675 - INFO - 窦永厚 信息写入csv文件完毕，保存路径:
2021-04-15 01:41:20,675 - INFO - D:\code\weibo-master\src\main\python\weibo\users.csv
2021-04-15 01:41:20,691 - INFO - 窦永厚信息写入MySQL数据库完毕
2021-04-15 01:41:20,706 - INFO - ++++++++++++++++++++++++++++++++++++++++++++++++++++++++++++++++++++++++++++++++++++++++++++++++++++
2021-04-15 01:41:20,706 - INFO - 用户信息
2021-04-15 01:41:20,706 - INFO - 用户id：5782957659
2021-04-15 01:41:20,706 - INFO - 用户昵称：窦永厚
2021-04-15 01:41:20,706 - INFO - 性别：男
2021-04-15 01:41:20,706 - INFO - 生日：
2021-04-15 01:41:20,706 - INFO - 所在地：山西 太原
2021-04-15 01:41:20,706 - INFO - 教育经历：
2021-04-15 01:41:20,706 - INFO - 公司：
2021-04-15 01:41:20,706 - INFO - 阳光信用：
2021-04-15 01:41:20,706 - INFO - 注册时间：
2021-04-15 01:41:20,706 - INFO - 微博数：12
2021-04-15 01:41:20,706 - INFO - 粉丝数：20
2021-04-15 01:41:20,706 - INFO - 关注数：10
2021-04-15 01:41:20,706 - INFO - url：https://m.weibo.cn/profile/5782957659
2021-04-15 01:41:20,706 - INFO - 
2021-04-15 01:41:20,706 - INFO - ++++++++++++++++++++++++++++++++++++++++++++++++++++++++++++++++++++++++++++++++++++++++++++++++++++
2021-04-15 01:41:21,034 - INFO - 微博id：4481327673531073
2021-04-15 01:41:21,034 - INFO - 微博正文：hive调优之map task数量 网页链接 
2021-04-15 01:41:21,034 - INFO - 原始图片url：
2021-04-15 01:41:21,034 - INFO - 微博位置：
2021-04-15 01:41:21,034 - INFO - 发布时间：2020-03-11
2021-04-15 01:41:21,034 - INFO - 发布工具：分享按钮
2021-04-15 01:41:21,034 - INFO - 点赞数：0
2021-04-15 01:41:21,034 - INFO - 评论数：0
2021-04-15 01:41:21,034 - INFO - 转发数：0
2021-04-15 01:41:21,034 - INFO - 话题：
2021-04-15 01:41:21,034 - INFO - @用户：
2021-04-15 01:41:21,034 - INFO - url：https://m.weibo.cn/detail/4481327673531073
2021-04-15 01:41:21,034 - INFO - ------------------------------------------------------------------------------------------------------------------------
2021-04-15 01:41:21,034 - INFO - 微博id：4481317577995867
2021-04-15 01:41:21,034 - INFO - 微博正文：hive调优之map task数量 网页链接 
2021-04-15 01:41:21,034 - INFO - 原始图片url：
2021-04-15 01:41:21,034 - INFO - 微博位置：
2021-04-15 01:41:21,034 - INFO - 发布时间：2020-03-11
2021-04-15 01:41:21,034 - INFO - 发布工具：分享按钮
2021-04-15 01:41:21,034 - INFO - 点赞数：0
2021-04-15 01:41:21,034 - INFO - 评论数：1
2021-04-15 01:41:21,034 - INFO - 转发数：0
2021-04-15 01:41:21,034 - INFO - 话题：
2021-04-15 01:41:21,034 - INFO - @用户：
2021-04-15 01:41:21,034 - INFO - url：https://m.weibo.cn/detail/4481317577995867
2021-04-15 01:41:21,034 - INFO - ------------------------------------------------------------------------------------------------------------------------
2021-04-15 01:41:21,034 - INFO - 微博id：4480909447458259
2021-04-15 01:41:21,034 - INFO - 微博正文：hive调优之map task数量 网页链接 
2021-04-15 01:41:21,034 - INFO - 原始图片url：
2021-04-15 01:41:21,034 - INFO - 微博位置：
2021-04-15 01:41:21,034 - INFO - 发布时间：2020-03-10
2021-04-15 01:41:21,034 - INFO - 发布工具：分享按钮
2021-04-15 01:41:21,034 - INFO - 点赞数：0
2021-04-15 01:41:21,034 - INFO - 评论数：0
2021-04-15 01:41:21,034 - INFO - 转发数：0
2021-04-15 01:41:21,034 - INFO - 话题：
2021-04-15 01:41:21,034 - INFO - @用户：
2021-04-15 01:41:21,034 - INFO - url：https://m.weibo.cn/detail/4480909447458259
2021-04-15 01:41:21,034 - INFO - ------------------------------------------------------------------------------------------------------------------------
2021-04-15 01:41:21,034 - INFO - 微博id：4478377169984885
2021-04-15 01:41:21,034 - INFO - 微博正文：史上最全的git操作 网页链接 
2021-04-15 01:41:21,034 - INFO - 原始图片url：
2021-04-15 01:41:21,034 - INFO - 微博位置：
2021-04-15 01:41:21,034 - INFO - 发布时间：2020-03-03
2021-04-15 01:41:21,034 - INFO - 发布工具：分享按钮
2021-04-15 01:41:21,034 - INFO - 点赞数：0
2021-04-15 01:41:21,034 - INFO - 评论数：0
2021-04-15 01:41:21,034 - INFO - 转发数：0
2021-04-15 01:41:21,034 - INFO - 话题：
2021-04-15 01:41:21,034 - INFO - @用户：
2021-04-15 01:41:21,034 - INFO - url：https://m.weibo.cn/detail/4478377169984885
2021-04-15 01:41:21,034 - INFO - ------------------------------------------------------------------------------------------------------------------------
2021-04-15 01:41:21,034 - INFO - 微博id：4478107375097886
2021-04-15 01:41:21,034 - INFO - 微博正文：hive transform 网页链接 
2021-04-15 01:41:21,034 - INFO - 原始图片url：
2021-04-15 01:41:21,034 - INFO - 微博位置：
2021-04-15 01:41:21,034 - INFO - 发布时间：2020-03-02
2021-04-15 01:41:21,034 - INFO - 发布工具：分享按钮
2021-04-15 01:41:21,034 - INFO - 点赞数：0
2021-04-15 01:41:21,034 - INFO - 评论数：0
2021-04-15 01:41:21,034 - INFO - 转发数：0
2021-04-15 01:41:21,034 - INFO - 话题：
2021-04-15 01:41:21,034 - INFO - @用户：
2021-04-15 01:41:21,034 - INFO - url：https://m.weibo.cn/detail/4478107375097886
2021-04-15 01:41:21,034 - INFO - ------------------------------------------------------------------------------------------------------------------------
2021-04-15 01:41:21,034 - INFO - 微博id：4413569028274724
2021-04-15 01:41:21,034 - INFO - 微博正文：【linux】 sed、awk、cut、sort、uniq等命令-更新版 网页链接 
2021-04-15 01:41:21,034 - INFO - 原始图片url：
2021-04-15 01:41:21,034 - INFO - 微博位置：
2021-04-15 01:41:21,034 - INFO - 发布时间：2019-09-06
2021-04-15 01:41:21,034 - INFO - 发布工具：分享按钮
2021-04-15 01:41:21,034 - INFO - 点赞数：0
2021-04-15 01:41:21,034 - INFO - 评论数：0
2021-04-15 01:41:21,034 - INFO - 转发数：0
2021-04-15 01:41:21,034 - INFO - 话题：
2021-04-15 01:41:21,034 - INFO - @用户：
2021-04-15 01:41:21,034 - INFO - url：https://m.weibo.cn/detail/4413569028274724
2021-04-15 01:41:21,034 - INFO - ------------------------------------------------------------------------------------------------------------------------
2021-04-15 01:41:21,034 - INFO - 微博id：4413489395334858
2021-04-15 01:41:21,034 - INFO - 微博正文：【linux】 sed、awk、cut、sort、uniq等命令 网页链接 
2021-04-15 01:41:21,034 - INFO - 原始图片url：
2021-04-15 01:41:21,034 - INFO - 微博位置：
2021-04-15 01:41:21,050 - INFO - 发布时间：2019-09-06
2021-04-15 01:41:21,050 - INFO - 发布工具：分享按钮
2021-04-15 01:41:21,050 - INFO - 点赞数：0
2021-04-15 01:41:21,050 - INFO - 评论数：0
2021-04-15 01:41:21,050 - INFO - 转发数：0
2021-04-15 01:41:21,050 - INFO - 话题：
2021-04-15 01:41:21,050 - INFO - @用户：
2021-04-15 01:41:21,050 - INFO - url：https://m.weibo.cn/detail/4413489395334858
2021-04-15 01:41:21,050 - INFO - ------------------------------------------------------------------------------------------------------------------------
2021-04-15 01:41:21,050 - INFO - 微博id：4413204560317994
2021-04-15 01:41:21,050 - INFO - 微博正文：192. 统计词频 - 力扣（LeetCode） 网页链接 
2021-04-15 01:41:21,050 - INFO - 原始图片url：
2021-04-15 01:41:21,050 - INFO - 微博位置：
2021-04-15 01:41:21,050 - INFO - 发布时间：2019-09-05
2021-04-15 01:41:21,050 - INFO - 发布工具：分享按钮
2021-04-15 01:41:21,050 - INFO - 点赞数：0
2021-04-15 01:41:21,050 - INFO - 评论数：0
2021-04-15 01:41:21,050 - INFO - 转发数：0
2021-04-15 01:41:21,050 - INFO - 话题：
2021-04-15 01:41:21,050 - INFO - @用户：
2021-04-15 01:41:21,050 - INFO - url：https://m.weibo.cn/detail/4413204560317994
2021-04-15 01:41:21,050 - INFO - ------------------------------------------------------------------------------------------------------------------------
2021-04-15 01:41:21,050 - INFO - 微博id：4413164596320598
2021-04-15 01:41:21,050 - INFO - 微博正文：177. 第N高的薪水 - 力扣（LeetCode） 网页链接 
2021-04-15 01:41:21,050 - INFO - 原始图片url：
2021-04-15 01:41:21,050 - INFO - 微博位置：
2021-04-15 01:41:21,050 - INFO - 发布时间：2019-09-05
2021-04-15 01:41:21,050 - INFO - 发布工具：分享按钮
2021-04-15 01:41:21,050 - INFO - 点赞数：0
2021-04-15 01:41:21,050 - INFO - 评论数：0
2021-04-15 01:41:21,050 - INFO - 转发数：0
2021-04-15 01:41:21,050 - INFO - 话题：
2021-04-15 01:41:21,050 - INFO - @用户：
2021-04-15 01:41:21,050 - INFO - url：https://m.weibo.cn/detail/4413164596320598
2021-04-15 01:41:21,050 - INFO - ------------------------------------------------------------------------------------------------------------------------
2021-04-15 01:41:21,050 - INFO - ------------------------------已获取窦永厚(5782957659)的第1页微博------------------------------
2021-04-15 01:41:31,282 - INFO - 微博id：4412853144594504
2021-04-15 01:41:31,282 - INFO - 微博正文：【linux】 sed、awk、cut、sort、uniq等命令 网页链接 
2021-04-15 01:41:31,282 - INFO - 原始图片url：
2021-04-15 01:41:31,282 - INFO - 微博位置：
2021-04-15 01:41:31,282 - INFO - 发布时间：2019-09-04
2021-04-15 01:41:31,282 - INFO - 发布工具：分享按钮
2021-04-15 01:41:31,282 - INFO - 点赞数：0
2021-04-15 01:41:31,282 - INFO - 评论数：0
2021-04-15 01:41:31,282 - INFO - 转发数：0
2021-04-15 01:41:31,282 - INFO - 话题：
2021-04-15 01:41:31,282 - INFO - @用户：
2021-04-15 01:41:31,282 - INFO - url：https://m.weibo.cn/detail/4412853144594504
2021-04-15 01:41:31,282 - INFO - ------------------------------------------------------------------------------------------------------------------------
2021-04-15 01:41:31,282 - INFO - 微博id：4412852674369454
2021-04-15 01:41:31,282 - INFO - 微博正文：SHELL剔除另一个的文件内容-CSDN下载 网页链接 
2021-04-15 01:41:31,282 - INFO - 原始图片url：
2021-04-15 01:41:31,298 - INFO - 微博位置：
2021-04-15 01:41:31,298 - INFO - 发布时间：2019-09-04
2021-04-15 01:41:31,298 - INFO - 发布工具：百度分享
2021-04-15 01:41:31,298 - INFO - 点赞数：0
2021-04-15 01:41:31,298 - INFO - 评论数：0
2021-04-15 01:41:31,298 - INFO - 转发数：0
2021-04-15 01:41:31,298 - INFO - 话题：
2021-04-15 01:41:31,298 - INFO - @用户：
2021-04-15 01:41:31,298 - INFO - url：https://m.weibo.cn/detail/4412852674369454
2021-04-15 01:41:31,298 - INFO - ------------------------------------------------------------------------------------------------------------------------
2021-04-15 01:41:31,298 - INFO - ------------------------------已获取窦永厚(5782957659)的第2页微博------------------------------
2021-04-15 01:41:31,298 - INFO - 11条微博写入csv文件完毕,保存路径:
2021-04-15 01:41:31,298 - INFO - D:\code\weibo-master\src\main\python\weibo\窦永厚\5782957659.csv
2021-04-15 01:41:31,313 - INFO - 11条微博写入MySQL数据库完毕
2021-04-15 01:41:31,313 - INFO - 微博爬取完成，共爬取11条微博
2021-04-15 01:41:31,313 - INFO - 信息抓取完毕
2021-04-15 01:41:31,313 - INFO - ****************************************************************************************************
2021-04-15 19:10:13,940 - INFO - 窦永厚 信息写入csv文件完毕，保存路径:
2021-04-15 19:10:13,941 - INFO - D:\code\weibo-master\src\main\python\weibo\users.csv
2021-04-15 19:10:13,987 - INFO - 窦永厚信息写入MySQL数据库完毕
2021-04-15 19:10:13,987 - INFO - ++++++++++++++++++++++++++++++++++++++++++++++++++++++++++++++++++++++++++++++++++++++++++++++++++++
2021-04-15 19:10:13,987 - INFO - 用户信息
2021-04-15 19:10:13,987 - INFO - 用户id：5782957659
2021-04-15 19:10:13,988 - INFO - 用户昵称：窦永厚
2021-04-15 19:10:13,988 - INFO - 性别：男
2021-04-15 19:10:13,988 - INFO - 生日：
2021-04-15 19:10:13,988 - INFO - 所在地：山西 太原
2021-04-15 19:10:13,988 - INFO - 教育经历：
2021-04-15 19:10:13,988 - INFO - 公司：
2021-04-15 19:10:13,989 - INFO - 阳光信用：
2021-04-15 19:10:13,989 - INFO - 注册时间：
2021-04-15 19:10:13,989 - INFO - 微博数：12
2021-04-15 19:10:13,989 - INFO - 粉丝数：20
2021-04-15 19:10:13,989 - INFO - 关注数：10
2021-04-15 19:10:13,989 - INFO - url：https://m.weibo.cn/profile/5782957659
2021-04-15 19:10:13,990 - INFO - 
2021-04-15 19:10:13,990 - INFO - ++++++++++++++++++++++++++++++++++++++++++++++++++++++++++++++++++++++++++++++++++++++++++++++++++++
2021-04-15 19:10:14,588 - INFO - 微博id：4481327673531073
2021-04-15 19:10:14,589 - INFO - 微博正文：hive调优之map task数量 网页链接 
2021-04-15 19:10:14,589 - INFO - 原始图片url：
2021-04-15 19:10:14,589 - INFO - 微博位置：
2021-04-15 19:10:14,589 - INFO - 发布时间：2020-03-11
2021-04-15 19:10:14,589 - INFO - 发布工具：分享按钮
2021-04-15 19:10:14,590 - INFO - 点赞数：0
2021-04-15 19:10:14,590 - INFO - 评论数：0
2021-04-15 19:10:14,590 - INFO - 转发数：0
2021-04-15 19:10:14,590 - INFO - 话题：
2021-04-15 19:10:14,590 - INFO - @用户：
2021-04-15 19:10:14,590 - INFO - url：https://m.weibo.cn/detail/4481327673531073
2021-04-15 19:10:14,591 - INFO - ------------------------------------------------------------------------------------------------------------------------
2021-04-15 19:10:14,591 - INFO - 微博id：4481317577995867
2021-04-15 19:10:14,592 - INFO - 微博正文：hive调优之map task数量 网页链接 
2021-04-15 19:10:14,592 - INFO - 原始图片url：
2021-04-15 19:10:14,592 - INFO - 微博位置：
2021-04-15 19:10:14,592 - INFO - 发布时间：2020-03-11
2021-04-15 19:10:14,592 - INFO - 发布工具：分享按钮
2021-04-15 19:10:14,593 - INFO - 点赞数：0
2021-04-15 19:10:14,593 - INFO - 评论数：1
2021-04-15 19:10:14,593 - INFO - 转发数：0
2021-04-15 19:10:14,593 - INFO - 话题：
2021-04-15 19:10:14,593 - INFO - @用户：
2021-04-15 19:10:14,593 - INFO - url：https://m.weibo.cn/detail/4481317577995867
2021-04-15 19:10:14,593 - INFO - ------------------------------------------------------------------------------------------------------------------------
2021-04-15 19:10:14,595 - INFO - 微博id：4480909447458259
2021-04-15 19:10:14,595 - INFO - 微博正文：hive调优之map task数量 网页链接 
2021-04-15 19:10:14,595 - INFO - 原始图片url：
2021-04-15 19:10:14,595 - INFO - 微博位置：
2021-04-15 19:10:14,595 - INFO - 发布时间：2020-03-10
2021-04-15 19:10:14,596 - INFO - 发布工具：分享按钮
2021-04-15 19:10:14,596 - INFO - 点赞数：0
2021-04-15 19:10:14,596 - INFO - 评论数：0
2021-04-15 19:10:14,597 - INFO - 转发数：0
2021-04-15 19:10:14,597 - INFO - 话题：
2021-04-15 19:10:14,597 - INFO - @用户：
2021-04-15 19:10:14,597 - INFO - url：https://m.weibo.cn/detail/4480909447458259
2021-04-15 19:10:14,597 - INFO - ------------------------------------------------------------------------------------------------------------------------
2021-04-15 19:10:14,598 - INFO - 微博id：4478377169984885
2021-04-15 19:10:14,598 - INFO - 微博正文：史上最全的git操作 网页链接 
2021-04-15 19:10:14,599 - INFO - 原始图片url：
2021-04-15 19:10:14,599 - INFO - 微博位置：
2021-04-15 19:10:14,599 - INFO - 发布时间：2020-03-03
2021-04-15 19:10:14,599 - INFO - 发布工具：分享按钮
2021-04-15 19:10:14,599 - INFO - 点赞数：0
2021-04-15 19:10:14,599 - INFO - 评论数：0
2021-04-15 19:10:14,599 - INFO - 转发数：0
2021-04-15 19:10:14,600 - INFO - 话题：
2021-04-15 19:10:14,600 - INFO - @用户：
2021-04-15 19:10:14,600 - INFO - url：https://m.weibo.cn/detail/4478377169984885
2021-04-15 19:10:14,600 - INFO - ------------------------------------------------------------------------------------------------------------------------
2021-04-15 19:10:14,601 - INFO - 微博id：4478107375097886
2021-04-15 19:10:14,601 - INFO - 微博正文：hive transform 网页链接 
2021-04-15 19:10:14,602 - INFO - 原始图片url：
2021-04-15 19:10:14,602 - INFO - 微博位置：
2021-04-15 19:10:14,602 - INFO - 发布时间：2020-03-02
2021-04-15 19:10:14,602 - INFO - 发布工具：分享按钮
2021-04-15 19:10:14,602 - INFO - 点赞数：0
2021-04-15 19:10:14,602 - INFO - 评论数：0
2021-04-15 19:10:14,603 - INFO - 转发数：0
2021-04-15 19:10:14,603 - INFO - 话题：
2021-04-15 19:10:14,603 - INFO - @用户：
2021-04-15 19:10:14,603 - INFO - url：https://m.weibo.cn/detail/4478107375097886
2021-04-15 19:10:14,603 - INFO - ------------------------------------------------------------------------------------------------------------------------
2021-04-15 19:10:14,604 - INFO - 微博id：4413569028274724
2021-04-15 19:10:14,604 - INFO - 微博正文：【linux】 sed、awk、cut、sort、uniq等命令-更新版 网页链接 
2021-04-15 19:10:14,604 - INFO - 原始图片url：
2021-04-15 19:10:14,605 - INFO - 微博位置：
2021-04-15 19:10:14,605 - INFO - 发布时间：2019-09-06
2021-04-15 19:10:14,605 - INFO - 发布工具：分享按钮
2021-04-15 19:10:14,605 - INFO - 点赞数：0
2021-04-15 19:10:14,605 - INFO - 评论数：0
2021-04-15 19:10:14,605 - INFO - 转发数：0
2021-04-15 19:10:14,605 - INFO - 话题：
2021-04-15 19:10:14,606 - INFO - @用户：
2021-04-15 19:10:14,606 - INFO - url：https://m.weibo.cn/detail/4413569028274724
2021-04-15 19:10:14,606 - INFO - ------------------------------------------------------------------------------------------------------------------------
2021-04-15 19:10:14,607 - INFO - 微博id：4413489395334858
2021-04-15 19:10:14,607 - INFO - 微博正文：【linux】 sed、awk、cut、sort、uniq等命令 网页链接 
2021-04-15 19:10:14,607 - INFO - 原始图片url：
2021-04-15 19:10:14,607 - INFO - 微博位置：
2021-04-15 19:10:14,607 - INFO - 发布时间：2019-09-06
2021-04-15 19:10:14,607 - INFO - 发布工具：分享按钮
2021-04-15 19:10:14,607 - INFO - 点赞数：0
2021-04-15 19:10:14,607 - INFO - 评论数：0
2021-04-15 19:10:14,607 - INFO - 转发数：0
2021-04-15 19:10:14,608 - INFO - 话题：
2021-04-15 19:10:14,608 - INFO - @用户：
2021-04-15 19:10:14,608 - INFO - url：https://m.weibo.cn/detail/4413489395334858
2021-04-15 19:10:14,608 - INFO - ------------------------------------------------------------------------------------------------------------------------
2021-04-15 19:10:14,610 - INFO - 微博id：4413204560317994
2021-04-15 19:10:14,610 - INFO - 微博正文：192. 统计词频 - 力扣（LeetCode） 网页链接 
2021-04-15 19:10:14,610 - INFO - 原始图片url：
2021-04-15 19:10:14,610 - INFO - 微博位置：
2021-04-15 19:10:14,610 - INFO - 发布时间：2019-09-05
2021-04-15 19:10:14,611 - INFO - 发布工具：分享按钮
2021-04-15 19:10:14,611 - INFO - 点赞数：0
2021-04-15 19:10:14,611 - INFO - 评论数：0
2021-04-15 19:10:14,611 - INFO - 转发数：0
2021-04-15 19:10:14,611 - INFO - 话题：
2021-04-15 19:10:14,612 - INFO - @用户：
2021-04-15 19:10:14,612 - INFO - url：https://m.weibo.cn/detail/4413204560317994
2021-04-15 19:10:14,612 - INFO - ------------------------------------------------------------------------------------------------------------------------
2021-04-15 19:10:14,613 - INFO - 微博id：4413164596320598
2021-04-15 19:10:14,613 - INFO - 微博正文：177. 第N高的薪水 - 力扣（LeetCode） 网页链接 
2021-04-15 19:10:14,614 - INFO - 原始图片url：
2021-04-15 19:10:14,614 - INFO - 微博位置：
2021-04-15 19:10:14,614 - INFO - 发布时间：2019-09-05
2021-04-15 19:10:14,614 - INFO - 发布工具：分享按钮
2021-04-15 19:10:14,614 - INFO - 点赞数：0
2021-04-15 19:10:14,615 - INFO - 评论数：0
2021-04-15 19:10:14,615 - INFO - 转发数：0
2021-04-15 19:10:14,615 - INFO - 话题：
2021-04-15 19:10:14,615 - INFO - @用户：
2021-04-15 19:10:14,615 - INFO - url：https://m.weibo.cn/detail/4413164596320598
2021-04-15 19:10:14,615 - INFO - ------------------------------------------------------------------------------------------------------------------------
2021-04-15 19:10:14,616 - INFO - ------------------------------已获取窦永厚(5782957659)的第1页微博------------------------------
2021-04-15 19:10:15,296 - INFO - 微博id：4412853144594504
2021-04-15 19:10:15,297 - INFO - 微博正文：【linux】 sed、awk、cut、sort、uniq等命令 网页链接 
2021-04-15 19:10:15,297 - INFO - 原始图片url：
2021-04-15 19:10:15,297 - INFO - 微博位置：
2021-04-15 19:10:15,298 - INFO - 发布时间：2019-09-04
2021-04-15 19:10:15,298 - INFO - 发布工具：分享按钮
2021-04-15 19:10:15,298 - INFO - 点赞数：0
2021-04-15 19:10:15,298 - INFO - 评论数：0
2021-04-15 19:10:15,299 - INFO - 转发数：0
2021-04-15 19:10:15,299 - INFO - 话题：
2021-04-15 19:10:15,299 - INFO - @用户：
2021-04-15 19:10:15,299 - INFO - url：https://m.weibo.cn/detail/4412853144594504
2021-04-15 19:10:15,299 - INFO - ------------------------------------------------------------------------------------------------------------------------
2021-04-15 19:10:15,300 - INFO - 微博id：4412852674369454
2021-04-15 19:10:15,301 - INFO - 微博正文：SHELL剔除另一个的文件内容-CSDN下载 网页链接 
2021-04-15 19:10:15,301 - INFO - 原始图片url：
2021-04-15 19:10:15,301 - INFO - 微博位置：
2021-04-15 19:10:15,301 - INFO - 发布时间：2019-09-04
2021-04-15 19:10:15,301 - INFO - 发布工具：百度分享
2021-04-15 19:10:15,301 - INFO - 点赞数：0
2021-04-15 19:10:15,302 - INFO - 评论数：0
2021-04-15 19:10:15,302 - INFO - 转发数：0
2021-04-15 19:10:15,302 - INFO - 话题：
2021-04-15 19:10:15,302 - INFO - @用户：
2021-04-15 19:10:15,302 - INFO - url：https://m.weibo.cn/detail/4412852674369454
2021-04-15 19:10:15,302 - INFO - ------------------------------------------------------------------------------------------------------------------------
2021-04-15 19:10:15,302 - INFO - ------------------------------已获取窦永厚(5782957659)的第2页微博------------------------------
2021-04-15 19:10:15,307 - INFO - 11条微博写入csv文件完毕,保存路径:
2021-04-15 19:10:15,307 - INFO - D:\code\weibo-master\src\main\python\weibo\窦永厚\5782957659.csv
2021-04-15 19:10:15,342 - INFO - 11条微博写入MySQL数据库完毕
2021-04-15 19:10:15,342 - INFO - 微博爬取完成，共爬取11条微博
2021-04-15 19:10:15,342 - INFO - 信息抓取完毕
2021-04-15 19:10:15,343 - INFO - ****************************************************************************************************
