2021-04-15 01:25:26,169 - INFO - 窦永厚 信息写入csv文件完毕，保存路径:
2021-04-15 01:25:26,177 - INFO - D:\code\weibo-master\src\main\python\weibo\users.csv
2021-04-15 01:25:26,263 - INFO - 窦永厚信息写入MySQL数据库完毕
2021-04-15 01:25:26,264 - INFO - ++++++++++++++++++++++++++++++++++++++++++++++++++++++++++++++++++++++++++++++++++++++++++++++++++++
2021-04-15 01:25:26,264 - INFO - 用户信息
2021-04-15 01:25:26,264 - INFO - 用户id：5782957659
2021-04-15 01:25:26,264 - INFO - 用户昵称：窦永厚
2021-04-15 01:25:26,265 - INFO - 性别：男
2021-04-15 01:25:26,265 - INFO - 生日：
2021-04-15 01:25:26,265 - INFO - 所在地：山西 太原
2021-04-15 01:25:26,265 - INFO - 教育经历：
2021-04-15 01:25:26,266 - INFO - 公司：
2021-04-15 01:25:26,266 - INFO - 阳光信用：
2021-04-15 01:25:26,266 - INFO - 注册时间：
2021-04-15 01:25:26,266 - INFO - 微博数：12
2021-04-15 01:25:26,266 - INFO - 粉丝数：20
2021-04-15 01:25:26,266 - INFO - 关注数：10
2021-04-15 01:25:26,266 - INFO - url：https://m.weibo.cn/profile/5782957659
2021-04-15 01:25:26,267 - INFO - 
2021-04-15 01:25:26,267 - INFO - ++++++++++++++++++++++++++++++++++++++++++++++++++++++++++++++++++++++++++++++++++++++++++++++++++++
2021-04-15 01:25:26,776 - INFO - 微博id：4481327673531073
2021-04-15 01:25:26,776 - INFO - 微博正文：hive调优之map task数量 网页链接 
2021-04-15 01:25:26,776 - INFO - 原始图片url：
2021-04-15 01:25:26,777 - INFO - 微博位置：
2021-04-15 01:25:26,777 - INFO - 发布时间：2020-03-11
2021-04-15 01:25:26,777 - INFO - 发布工具：分享按钮
2021-04-15 01:25:26,777 - INFO - 点赞数：0
2021-04-15 01:25:26,777 - INFO - 评论数：0
2021-04-15 01:25:26,777 - INFO - 转发数：0
2021-04-15 01:25:26,777 - INFO - 话题：
2021-04-15 01:25:26,778 - INFO - @用户：
2021-04-15 01:25:26,778 - INFO - url：https://m.weibo.cn/detail/4481327673531073
2021-04-15 01:25:26,778 - INFO - ------------------------------------------------------------------------------------------------------------------------
2021-04-15 01:25:26,779 - INFO - 微博id：4481317577995867
2021-04-15 01:25:26,779 - INFO - 微博正文：hive调优之map task数量 网页链接 
2021-04-15 01:25:26,779 - INFO - 原始图片url：
2021-04-15 01:25:26,779 - INFO - 微博位置：
2021-04-15 01:25:26,779 - INFO - 发布时间：2020-03-11
2021-04-15 01:25:26,780 - INFO - 发布工具：分享按钮
2021-04-15 01:25:26,780 - INFO - 点赞数：0
2021-04-15 01:25:26,780 - INFO - 评论数：1
2021-04-15 01:25:26,780 - INFO - 转发数：0
2021-04-15 01:25:26,780 - INFO - 话题：
2021-04-15 01:25:26,780 - INFO - @用户：
2021-04-15 01:25:26,780 - INFO - url：https://m.weibo.cn/detail/4481317577995867
2021-04-15 01:25:26,780 - INFO - ------------------------------------------------------------------------------------------------------------------------
2021-04-15 01:25:26,781 - INFO - 微博id：4480909447458259
2021-04-15 01:25:26,782 - INFO - 微博正文：hive调优之map task数量 网页链接 
2021-04-15 01:25:26,782 - INFO - 原始图片url：
2021-04-15 01:25:26,782 - INFO - 微博位置：
2021-04-15 01:25:26,782 - INFO - 发布时间：2020-03-10
2021-04-15 01:25:26,782 - INFO - 发布工具：分享按钮
2021-04-15 01:25:26,782 - INFO - 点赞数：0
2021-04-15 01:25:26,783 - INFO - 评论数：0
2021-04-15 01:25:26,783 - INFO - 转发数：0
2021-04-15 01:25:26,783 - INFO - 话题：
2021-04-15 01:25:26,783 - INFO - @用户：
2021-04-15 01:25:26,783 - INFO - url：https://m.weibo.cn/detail/4480909447458259
2021-04-15 01:25:26,783 - INFO - ------------------------------------------------------------------------------------------------------------------------
2021-04-15 01:25:26,784 - INFO - 微博id：4478377169984885
2021-04-15 01:25:26,784 - INFO - 微博正文：史上最全的git操作 网页链接 
2021-04-15 01:25:26,784 - INFO - 原始图片url：
2021-04-15 01:25:26,785 - INFO - 微博位置：
2021-04-15 01:25:26,785 - INFO - 发布时间：2020-03-03
2021-04-15 01:25:26,785 - INFO - 发布工具：分享按钮
2021-04-15 01:25:26,785 - INFO - 点赞数：0
2021-04-15 01:25:26,785 - INFO - 评论数：0
2021-04-15 01:25:26,785 - INFO - 转发数：0
2021-04-15 01:25:26,786 - INFO - 话题：
2021-04-15 01:25:26,786 - INFO - @用户：
2021-04-15 01:25:26,786 - INFO - url：https://m.weibo.cn/detail/4478377169984885
2021-04-15 01:25:26,786 - INFO - ------------------------------------------------------------------------------------------------------------------------
2021-04-15 01:25:26,787 - INFO - 微博id：4478107375097886
2021-04-15 01:25:26,787 - INFO - 微博正文：hive transform 网页链接 
2021-04-15 01:25:26,787 - INFO - 原始图片url：
2021-04-15 01:25:26,787 - INFO - 微博位置：
2021-04-15 01:25:26,787 - INFO - 发布时间：2020-03-02
2021-04-15 01:25:26,788 - INFO - 发布工具：分享按钮
2021-04-15 01:25:26,788 - INFO - 点赞数：0
2021-04-15 01:25:26,788 - INFO - 评论数：0
2021-04-15 01:25:26,788 - INFO - 转发数：0
2021-04-15 01:25:26,788 - INFO - 话题：
2021-04-15 01:25:26,788 - INFO - @用户：
2021-04-15 01:25:26,788 - INFO - url：https://m.weibo.cn/detail/4478107375097886
2021-04-15 01:25:26,789 - INFO - ------------------------------------------------------------------------------------------------------------------------
2021-04-15 01:25:26,790 - INFO - 微博id：4413569028274724
2021-04-15 01:25:26,790 - INFO - 微博正文：【linux】 sed、awk、cut、sort、uniq等命令-更新版 网页链接 
2021-04-15 01:25:26,790 - INFO - 原始图片url：
2021-04-15 01:25:26,790 - INFO - 微博位置：
2021-04-15 01:25:26,790 - INFO - 发布时间：2019-09-06
2021-04-15 01:25:26,790 - INFO - 发布工具：分享按钮
2021-04-15 01:25:26,790 - INFO - 点赞数：0
2021-04-15 01:25:26,791 - INFO - 评论数：0
2021-04-15 01:25:26,791 - INFO - 转发数：0
2021-04-15 01:25:26,791 - INFO - 话题：
2021-04-15 01:25:26,791 - INFO - @用户：
2021-04-15 01:25:26,791 - INFO - url：https://m.weibo.cn/detail/4413569028274724
2021-04-15 01:25:26,791 - INFO - ------------------------------------------------------------------------------------------------------------------------
2021-04-15 01:25:26,792 - INFO - 微博id：4413489395334858
2021-04-15 01:25:26,792 - INFO - 微博正文：【linux】 sed、awk、cut、sort、uniq等命令 网页链接 
2021-04-15 01:25:26,793 - INFO - 原始图片url：
2021-04-15 01:25:26,793 - INFO - 微博位置：
2021-04-15 01:25:26,793 - INFO - 发布时间：2019-09-06
2021-04-15 01:25:26,793 - INFO - 发布工具：分享按钮
2021-04-15 01:25:26,793 - INFO - 点赞数：0
2021-04-15 01:25:26,793 - INFO - 评论数：0
2021-04-15 01:25:26,793 - INFO - 转发数：0
2021-04-15 01:25:26,794 - INFO - 话题：
2021-04-15 01:25:26,794 - INFO - @用户：
2021-04-15 01:25:26,794 - INFO - url：https://m.weibo.cn/detail/4413489395334858
2021-04-15 01:25:26,794 - INFO - ------------------------------------------------------------------------------------------------------------------------
2021-04-15 01:25:26,795 - INFO - 微博id：4413204560317994
2021-04-15 01:25:26,795 - INFO - 微博正文：192. 统计词频 - 力扣（LeetCode） 网页链接 
2021-04-15 01:25:26,795 - INFO - 原始图片url：
2021-04-15 01:25:26,796 - INFO - 微博位置：
2021-04-15 01:25:26,796 - INFO - 发布时间：2019-09-05
2021-04-15 01:25:26,796 - INFO - 发布工具：分享按钮
2021-04-15 01:25:26,796 - INFO - 点赞数：0
2021-04-15 01:25:26,796 - INFO - 评论数：0
2021-04-15 01:25:26,796 - INFO - 转发数：0
2021-04-15 01:25:26,796 - INFO - 话题：
2021-04-15 01:25:26,796 - INFO - @用户：
2021-04-15 01:25:26,796 - INFO - url：https://m.weibo.cn/detail/4413204560317994
2021-04-15 01:25:26,797 - INFO - ------------------------------------------------------------------------------------------------------------------------
2021-04-15 01:25:26,798 - INFO - 微博id：4413164596320598
2021-04-15 01:25:26,798 - INFO - 微博正文：177. 第N高的薪水 - 力扣（LeetCode） 网页链接 
2021-04-15 01:25:26,798 - INFO - 原始图片url：
2021-04-15 01:25:26,798 - INFO - 微博位置：
2021-04-15 01:25:26,798 - INFO - 发布时间：2019-09-05
2021-04-15 01:25:26,798 - INFO - 发布工具：分享按钮
2021-04-15 01:25:26,798 - INFO - 点赞数：0
2021-04-15 01:25:26,798 - INFO - 评论数：0
2021-04-15 01:25:26,799 - INFO - 转发数：0
2021-04-15 01:25:26,799 - INFO - 话题：
2021-04-15 01:25:26,799 - INFO - @用户：
2021-04-15 01:25:26,799 - INFO - url：https://m.weibo.cn/detail/4413164596320598
2021-04-15 01:25:26,799 - INFO - ------------------------------------------------------------------------------------------------------------------------
2021-04-15 01:25:26,799 - INFO - ------------------------------已获取窦永厚(5782957659)的第1页微博------------------------------
2021-04-15 01:25:27,040 - INFO - 微博id：4412853144594504
2021-04-15 01:25:27,041 - INFO - 微博正文：【linux】 sed、awk、cut、sort、uniq等命令 网页链接 
2021-04-15 01:25:27,041 - INFO - 原始图片url：
2021-04-15 01:25:27,042 - INFO - 微博位置：
2021-04-15 01:25:27,042 - INFO - 发布时间：2019-09-04
2021-04-15 01:25:27,042 - INFO - 发布工具：分享按钮
2021-04-15 01:25:27,042 - INFO - 点赞数：0
2021-04-15 01:25:27,042 - INFO - 评论数：0
2021-04-15 01:25:27,042 - INFO - 转发数：0
2021-04-15 01:25:27,042 - INFO - 话题：
2021-04-15 01:25:27,042 - INFO - @用户：
2021-04-15 01:25:27,043 - INFO - url：https://m.weibo.cn/detail/4412853144594504
2021-04-15 01:25:27,043 - INFO - ------------------------------------------------------------------------------------------------------------------------
2021-04-15 01:25:27,044 - INFO - 微博id：4412852674369454
2021-04-15 01:25:27,044 - INFO - 微博正文：SHELL剔除另一个的文件内容-CSDN下载 网页链接 
2021-04-15 01:25:27,044 - INFO - 原始图片url：
2021-04-15 01:25:27,044 - INFO - 微博位置：
2021-04-15 01:25:27,044 - INFO - 发布时间：2019-09-04
2021-04-15 01:25:27,044 - INFO - 发布工具：百度分享
2021-04-15 01:25:27,044 - INFO - 点赞数：0
2021-04-15 01:25:27,045 - INFO - 评论数：0
2021-04-15 01:25:27,045 - INFO - 转发数：0
2021-04-15 01:25:27,045 - INFO - 话题：
2021-04-15 01:25:27,045 - INFO - @用户：
2021-04-15 01:25:27,045 - INFO - url：https://m.weibo.cn/detail/4412852674369454
2021-04-15 01:25:27,045 - INFO - ------------------------------------------------------------------------------------------------------------------------
2021-04-15 01:25:27,045 - INFO - ------------------------------已获取窦永厚(5782957659)的第2页微博------------------------------
2021-04-15 01:25:27,048 - INFO - 11条微博写入csv文件完毕,保存路径:
2021-04-15 01:25:27,049 - INFO - D:\code\weibo-master\src\main\python\weibo\窦永厚\5782957659.csv
2021-04-15 01:25:27,075 - INFO - 11条微博写入MySQL数据库完毕
2021-04-15 01:25:27,075 - INFO - 微博爬取完成，共爬取11条微博
2021-04-15 01:25:27,075 - INFO - 信息抓取完毕
2021-04-15 01:25:27,075 - INFO - ****************************************************************************************************
2021-04-15 01:26:18,239 - INFO - 窦永厚 信息写入csv文件完毕，保存路径:
2021-04-15 01:26:18,240 - INFO - D:\code\weibo-master\src\main\python\weibo\users.csv
2021-04-15 01:26:18,266 - INFO - 窦永厚信息写入MySQL数据库完毕
2021-04-15 01:26:18,266 - INFO - ++++++++++++++++++++++++++++++++++++++++++++++++++++++++++++++++++++++++++++++++++++++++++++++++++++
2021-04-15 01:26:18,266 - INFO - 用户信息
2021-04-15 01:26:18,267 - INFO - 用户id：5782957659
2021-04-15 01:26:18,267 - INFO - 用户昵称：窦永厚
2021-04-15 01:26:18,267 - INFO - 性别：男
2021-04-15 01:26:18,267 - INFO - 生日：
2021-04-15 01:26:18,267 - INFO - 所在地：山西 太原
2021-04-15 01:26:18,267 - INFO - 教育经历：
2021-04-15 01:26:18,267 - INFO - 公司：
2021-04-15 01:26:18,267 - INFO - 阳光信用：
2021-04-15 01:26:18,268 - INFO - 注册时间：
2021-04-15 01:26:18,268 - INFO - 微博数：12
2021-04-15 01:26:18,268 - INFO - 粉丝数：20
2021-04-15 01:26:18,268 - INFO - 关注数：10
2021-04-15 01:26:18,268 - INFO - url：https://m.weibo.cn/profile/5782957659
2021-04-15 01:26:18,268 - INFO - 
2021-04-15 01:26:18,268 - INFO - ++++++++++++++++++++++++++++++++++++++++++++++++++++++++++++++++++++++++++++++++++++++++++++++++++++
2021-04-15 01:26:18,610 - INFO - 微博id：4481327673531073
2021-04-15 01:26:18,610 - INFO - 微博正文：hive调优之map task数量 网页链接 
2021-04-15 01:26:18,611 - INFO - 原始图片url：
2021-04-15 01:26:18,611 - INFO - 微博位置：
2021-04-15 01:26:18,611 - INFO - 发布时间：2020-03-11
2021-04-15 01:26:18,611 - INFO - 发布工具：分享按钮
2021-04-15 01:26:18,611 - INFO - 点赞数：0
2021-04-15 01:26:18,612 - INFO - 评论数：0
2021-04-15 01:26:18,612 - INFO - 转发数：0
2021-04-15 01:26:18,612 - INFO - 话题：
2021-04-15 01:26:18,612 - INFO - @用户：
2021-04-15 01:26:18,612 - INFO - url：https://m.weibo.cn/detail/4481327673531073
2021-04-15 01:26:18,613 - INFO - ------------------------------------------------------------------------------------------------------------------------
2021-04-15 01:26:18,614 - INFO - 微博id：4481317577995867
2021-04-15 01:26:18,615 - INFO - 微博正文：hive调优之map task数量 网页链接 
2021-04-15 01:26:18,615 - INFO - 原始图片url：
2021-04-15 01:26:18,615 - INFO - 微博位置：
2021-04-15 01:26:18,615 - INFO - 发布时间：2020-03-11
2021-04-15 01:26:18,615 - INFO - 发布工具：分享按钮
2021-04-15 01:26:18,616 - INFO - 点赞数：0
2021-04-15 01:26:18,616 - INFO - 评论数：1
2021-04-15 01:26:18,616 - INFO - 转发数：0
2021-04-15 01:26:18,616 - INFO - 话题：
2021-04-15 01:26:18,616 - INFO - @用户：
2021-04-15 01:26:18,617 - INFO - url：https://m.weibo.cn/detail/4481317577995867
2021-04-15 01:26:18,617 - INFO - ------------------------------------------------------------------------------------------------------------------------
2021-04-15 01:26:18,618 - INFO - 微博id：4480909447458259
2021-04-15 01:26:18,619 - INFO - 微博正文：hive调优之map task数量 网页链接 
2021-04-15 01:26:18,619 - INFO - 原始图片url：
2021-04-15 01:26:18,619 - INFO - 微博位置：
2021-04-15 01:26:18,619 - INFO - 发布时间：2020-03-10
2021-04-15 01:26:18,620 - INFO - 发布工具：分享按钮
2021-04-15 01:26:18,620 - INFO - 点赞数：0
2021-04-15 01:26:18,620 - INFO - 评论数：0
2021-04-15 01:26:18,620 - INFO - 转发数：0
2021-04-15 01:26:18,620 - INFO - 话题：
2021-04-15 01:26:18,621 - INFO - @用户：
2021-04-15 01:26:18,621 - INFO - url：https://m.weibo.cn/detail/4480909447458259
2021-04-15 01:26:18,621 - INFO - ------------------------------------------------------------------------------------------------------------------------
2021-04-15 01:26:18,623 - INFO - 微博id：4478377169984885
2021-04-15 01:26:18,623 - INFO - 微博正文：史上最全的git操作 网页链接 
2021-04-15 01:26:18,623 - INFO - 原始图片url：
2021-04-15 01:26:18,623 - INFO - 微博位置：
2021-04-15 01:26:18,624 - INFO - 发布时间：2020-03-03
2021-04-15 01:26:18,624 - INFO - 发布工具：分享按钮
2021-04-15 01:26:18,624 - INFO - 点赞数：0
2021-04-15 01:26:18,624 - INFO - 评论数：0
2021-04-15 01:26:18,624 - INFO - 转发数：0
2021-04-15 01:26:18,625 - INFO - 话题：
2021-04-15 01:26:18,625 - INFO - @用户：
2021-04-15 01:26:18,625 - INFO - url：https://m.weibo.cn/detail/4478377169984885
2021-04-15 01:26:18,625 - INFO - ------------------------------------------------------------------------------------------------------------------------
2021-04-15 01:26:18,627 - INFO - 微博id：4478107375097886
2021-04-15 01:26:18,627 - INFO - 微博正文：hive transform 网页链接 
2021-04-15 01:26:18,627 - INFO - 原始图片url：
2021-04-15 01:26:18,628 - INFO - 微博位置：
2021-04-15 01:26:18,628 - INFO - 发布时间：2020-03-02
2021-04-15 01:26:18,628 - INFO - 发布工具：分享按钮
2021-04-15 01:26:18,628 - INFO - 点赞数：0
2021-04-15 01:26:18,628 - INFO - 评论数：0
2021-04-15 01:26:18,629 - INFO - 转发数：0
2021-04-15 01:26:18,629 - INFO - 话题：
2021-04-15 01:26:18,629 - INFO - @用户：
2021-04-15 01:26:18,629 - INFO - url：https://m.weibo.cn/detail/4478107375097886
2021-04-15 01:26:18,629 - INFO - ------------------------------------------------------------------------------------------------------------------------
2021-04-15 01:26:18,632 - INFO - 微博id：4413569028274724
2021-04-15 01:26:18,632 - INFO - 微博正文：【linux】 sed、awk、cut、sort、uniq等命令-更新版 网页链接 
2021-04-15 01:26:18,632 - INFO - 原始图片url：
2021-04-15 01:26:18,632 - INFO - 微博位置：
2021-04-15 01:26:18,632 - INFO - 发布时间：2019-09-06
2021-04-15 01:26:18,633 - INFO - 发布工具：分享按钮
2021-04-15 01:26:18,633 - INFO - 点赞数：0
2021-04-15 01:26:18,633 - INFO - 评论数：0
2021-04-15 01:26:18,633 - INFO - 转发数：0
2021-04-15 01:26:18,633 - INFO - 话题：
2021-04-15 01:26:18,634 - INFO - @用户：
2021-04-15 01:26:18,634 - INFO - url：https://m.weibo.cn/detail/4413569028274724
2021-04-15 01:26:18,634 - INFO - ------------------------------------------------------------------------------------------------------------------------
2021-04-15 01:26:18,636 - INFO - 微博id：4413489395334858
2021-04-15 01:26:18,636 - INFO - 微博正文：【linux】 sed、awk、cut、sort、uniq等命令 网页链接 
2021-04-15 01:26:18,637 - INFO - 原始图片url：
2021-04-15 01:26:18,637 - INFO - 微博位置：
2021-04-15 01:26:18,637 - INFO - 发布时间：2019-09-06
2021-04-15 01:26:18,637 - INFO - 发布工具：分享按钮
2021-04-15 01:26:18,637 - INFO - 点赞数：0
2021-04-15 01:26:18,637 - INFO - 评论数：0
2021-04-15 01:26:18,637 - INFO - 转发数：0
2021-04-15 01:26:18,637 - INFO - 话题：
2021-04-15 01:26:18,637 - INFO - @用户：
2021-04-15 01:26:18,637 - INFO - url：https://m.weibo.cn/detail/4413489395334858
2021-04-15 01:26:18,638 - INFO - ------------------------------------------------------------------------------------------------------------------------
2021-04-15 01:26:18,638 - INFO - 微博id：4413204560317994
2021-04-15 01:26:18,638 - INFO - 微博正文：192. 统计词频 - 力扣（LeetCode） 网页链接 
2021-04-15 01:26:18,639 - INFO - 原始图片url：
2021-04-15 01:26:18,639 - INFO - 微博位置：
2021-04-15 01:26:18,639 - INFO - 发布时间：2019-09-05
2021-04-15 01:26:18,639 - INFO - 发布工具：分享按钮
2021-04-15 01:26:18,639 - INFO - 点赞数：0
2021-04-15 01:26:18,639 - INFO - 评论数：0
2021-04-15 01:26:18,639 - INFO - 转发数：0
2021-04-15 01:26:18,639 - INFO - 话题：
2021-04-15 01:26:18,639 - INFO - @用户：
2021-04-15 01:26:18,639 - INFO - url：https://m.weibo.cn/detail/4413204560317994
2021-04-15 01:26:18,639 - INFO - ------------------------------------------------------------------------------------------------------------------------
2021-04-15 01:26:18,640 - INFO - 微博id：4413164596320598
2021-04-15 01:26:18,640 - INFO - 微博正文：177. 第N高的薪水 - 力扣（LeetCode） 网页链接 
2021-04-15 01:26:18,640 - INFO - 原始图片url：
2021-04-15 01:26:18,640 - INFO - 微博位置：
2021-04-15 01:26:18,640 - INFO - 发布时间：2019-09-05
2021-04-15 01:26:18,640 - INFO - 发布工具：分享按钮
2021-04-15 01:26:18,640 - INFO - 点赞数：0
2021-04-15 01:26:18,640 - INFO - 评论数：0
2021-04-15 01:26:18,641 - INFO - 转发数：0
2021-04-15 01:26:18,641 - INFO - 话题：
2021-04-15 01:26:18,641 - INFO - @用户：
2021-04-15 01:26:18,641 - INFO - url：https://m.weibo.cn/detail/4413164596320598
2021-04-15 01:26:18,641 - INFO - ------------------------------------------------------------------------------------------------------------------------
2021-04-15 01:26:18,641 - INFO - ------------------------------已获取窦永厚(5782957659)的第1页微博------------------------------
2021-04-15 01:26:18,866 - INFO - 微博id：4412853144594504
2021-04-15 01:26:18,868 - INFO - 微博正文：【linux】 sed、awk、cut、sort、uniq等命令 网页链接 
2021-04-15 01:26:18,869 - INFO - 原始图片url：
2021-04-15 01:26:18,869 - INFO - 微博位置：
2021-04-15 01:26:18,870 - INFO - 发布时间：2019-09-04
2021-04-15 01:26:18,870 - INFO - 发布工具：分享按钮
2021-04-15 01:26:18,870 - INFO - 点赞数：0
2021-04-15 01:26:18,871 - INFO - 评论数：0
2021-04-15 01:26:18,871 - INFO - 转发数：0
2021-04-15 01:26:18,872 - INFO - 话题：
2021-04-15 01:26:18,872 - INFO - @用户：
2021-04-15 01:26:18,873 - INFO - url：https://m.weibo.cn/detail/4412853144594504
2021-04-15 01:26:18,873 - INFO - ------------------------------------------------------------------------------------------------------------------------
2021-04-15 01:26:18,876 - INFO - 微博id：4412852674369454
2021-04-15 01:26:18,877 - INFO - 微博正文：SHELL剔除另一个的文件内容-CSDN下载 网页链接 
2021-04-15 01:26:18,878 - INFO - 原始图片url：
2021-04-15 01:26:18,878 - INFO - 微博位置：
2021-04-15 01:26:18,878 - INFO - 发布时间：2019-09-04
2021-04-15 01:26:18,878 - INFO - 发布工具：百度分享
2021-04-15 01:26:18,879 - INFO - 点赞数：0
2021-04-15 01:26:18,879 - INFO - 评论数：0
2021-04-15 01:26:18,879 - INFO - 转发数：0
2021-04-15 01:26:18,879 - INFO - 话题：
2021-04-15 01:26:18,879 - INFO - @用户：
2021-04-15 01:26:18,879 - INFO - url：https://m.weibo.cn/detail/4412852674369454
2021-04-15 01:26:18,880 - INFO - ------------------------------------------------------------------------------------------------------------------------
2021-04-15 01:26:18,880 - INFO - ------------------------------已获取窦永厚(5782957659)的第2页微博------------------------------
2021-04-15 01:26:18,883 - INFO - 11条微博写入csv文件完毕,保存路径:
2021-04-15 01:26:18,883 - INFO - D:\code\weibo-master\src\main\python\weibo\窦永厚\5782957659.csv
2021-04-15 01:26:18,909 - INFO - 11条微博写入MySQL数据库完毕
2021-04-15 01:26:18,909 - INFO - 微博爬取完成，共爬取11条微博
2021-04-15 01:26:18,909 - INFO - 信息抓取完毕
2021-04-15 01:26:18,910 - INFO - ****************************************************************************************************
2021-04-15 01:40:32,993 - INFO - 窦永厚 信息写入csv文件完毕，保存路径:
2021-04-15 01:40:32,993 - INFO - D:\code\weibo-master\src\main\python\weibo\users.csv
2021-04-15 01:40:33,040 - INFO - 窦永厚信息写入MySQL数据库完毕
2021-04-15 01:40:33,040 - INFO - ++++++++++++++++++++++++++++++++++++++++++++++++++++++++++++++++++++++++++++++++++++++++++++++++++++
2021-04-15 01:40:33,040 - INFO - 用户信息
2021-04-15 01:40:33,040 - INFO - 用户id：5782957659
2021-04-15 01:40:33,040 - INFO - 用户昵称：窦永厚
2021-04-15 01:40:33,040 - INFO - 性别：男
2021-04-15 01:40:33,040 - INFO - 生日：
2021-04-15 01:40:33,040 - INFO - 所在地：山西 太原
2021-04-15 01:40:33,040 - INFO - 教育经历：
2021-04-15 01:40:33,040 - INFO - 公司：
2021-04-15 01:40:33,040 - INFO - 阳光信用：
2021-04-15 01:40:33,040 - INFO - 注册时间：
2021-04-15 01:40:33,040 - INFO - 微博数：12
2021-04-15 01:40:33,040 - INFO - 粉丝数：20
2021-04-15 01:40:33,040 - INFO - 关注数：10
2021-04-15 01:40:33,040 - INFO - url：https://m.weibo.cn/profile/5782957659
2021-04-15 01:40:33,040 - INFO - 
2021-04-15 01:40:33,040 - INFO - ++++++++++++++++++++++++++++++++++++++++++++++++++++++++++++++++++++++++++++++++++++++++++++++++++++
2021-04-15 01:40:33,275 - INFO - 微博id：4481327673531073
2021-04-15 01:40:33,275 - INFO - 微博正文：hive调优之map task数量 网页链接 
2021-04-15 01:40:33,275 - INFO - 原始图片url：
2021-04-15 01:40:33,275 - INFO - 微博位置：
2021-04-15 01:40:33,275 - INFO - 发布时间：2020-03-11
2021-04-15 01:40:33,275 - INFO - 发布工具：分享按钮
2021-04-15 01:40:33,275 - INFO - 点赞数：0
2021-04-15 01:40:33,275 - INFO - 评论数：0
2021-04-15 01:40:33,275 - INFO - 转发数：0
2021-04-15 01:40:33,275 - INFO - 话题：
2021-04-15 01:40:33,275 - INFO - @用户：
2021-04-15 01:40:33,275 - INFO - url：https://m.weibo.cn/detail/4481327673531073
2021-04-15 01:40:33,275 - INFO - ------------------------------------------------------------------------------------------------------------------------
2021-04-15 01:40:33,275 - INFO - 微博id：4481317577995867
2021-04-15 01:40:33,275 - INFO - 微博正文：hive调优之map task数量 网页链接 
2021-04-15 01:40:33,275 - INFO - 原始图片url：
2021-04-15 01:40:33,275 - INFO - 微博位置：
2021-04-15 01:40:33,275 - INFO - 发布时间：2020-03-11
2021-04-15 01:40:33,275 - INFO - 发布工具：分享按钮
2021-04-15 01:40:33,275 - INFO - 点赞数：0
2021-04-15 01:40:33,275 - INFO - 评论数：1
2021-04-15 01:40:33,275 - INFO - 转发数：0
2021-04-15 01:40:33,275 - INFO - 话题：
2021-04-15 01:40:33,275 - INFO - @用户：
2021-04-15 01:40:33,275 - INFO - url：https://m.weibo.cn/detail/4481317577995867
2021-04-15 01:40:33,275 - INFO - ------------------------------------------------------------------------------------------------------------------------
2021-04-15 01:40:33,275 - INFO - 微博id：4480909447458259
2021-04-15 01:40:33,275 - INFO - 微博正文：hive调优之map task数量 网页链接 
2021-04-15 01:40:33,275 - INFO - 原始图片url：
2021-04-15 01:40:33,275 - INFO - 微博位置：
2021-04-15 01:40:33,275 - INFO - 发布时间：2020-03-10
2021-04-15 01:40:33,275 - INFO - 发布工具：分享按钮
2021-04-15 01:40:33,275 - INFO - 点赞数：0
2021-04-15 01:40:33,275 - INFO - 评论数：0
2021-04-15 01:40:33,275 - INFO - 转发数：0
2021-04-15 01:40:33,275 - INFO - 话题：
2021-04-15 01:40:33,275 - INFO - @用户：
2021-04-15 01:40:33,275 - INFO - url：https://m.weibo.cn/detail/4480909447458259
2021-04-15 01:40:33,275 - INFO - ------------------------------------------------------------------------------------------------------------------------
2021-04-15 01:40:33,275 - INFO - 微博id：4478377169984885
2021-04-15 01:40:33,275 - INFO - 微博正文：史上最全的git操作 网页链接 
2021-04-15 01:40:33,275 - INFO - 原始图片url：
2021-04-15 01:40:33,275 - INFO - 微博位置：
2021-04-15 01:40:33,275 - INFO - 发布时间：2020-03-03
2021-04-15 01:40:33,275 - INFO - 发布工具：分享按钮
2021-04-15 01:40:33,275 - INFO - 点赞数：0
2021-04-15 01:40:33,275 - INFO - 评论数：0
2021-04-15 01:40:33,275 - INFO - 转发数：0
2021-04-15 01:40:33,275 - INFO - 话题：
2021-04-15 01:40:33,275 - INFO - @用户：
2021-04-15 01:40:33,275 - INFO - url：https://m.weibo.cn/detail/4478377169984885
2021-04-15 01:40:33,275 - INFO - ------------------------------------------------------------------------------------------------------------------------
2021-04-15 01:40:33,275 - INFO - 微博id：4478107375097886
2021-04-15 01:40:33,275 - INFO - 微博正文：hive transform 网页链接 
2021-04-15 01:40:33,275 - INFO - 原始图片url：
2021-04-15 01:40:33,275 - INFO - 微博位置：
2021-04-15 01:40:33,275 - INFO - 发布时间：2020-03-02
2021-04-15 01:40:33,275 - INFO - 发布工具：分享按钮
2021-04-15 01:40:33,275 - INFO - 点赞数：0
2021-04-15 01:40:33,275 - INFO - 评论数：0
2021-04-15 01:40:33,275 - INFO - 转发数：0
2021-04-15 01:40:33,275 - INFO - 话题：
2021-04-15 01:40:33,275 - INFO - @用户：
2021-04-15 01:40:33,275 - INFO - url：https://m.weibo.cn/detail/4478107375097886
2021-04-15 01:40:33,275 - INFO - ------------------------------------------------------------------------------------------------------------------------
2021-04-15 01:40:33,275 - INFO - 微博id：4413569028274724
2021-04-15 01:40:33,275 - INFO - 微博正文：【linux】 sed、awk、cut、sort、uniq等命令-更新版 网页链接 
2021-04-15 01:40:33,275 - INFO - 原始图片url：
2021-04-15 01:40:33,275 - INFO - 微博位置：
2021-04-15 01:40:33,290 - INFO - 发布时间：2019-09-06
2021-04-15 01:40:33,290 - INFO - 发布工具：分享按钮
2021-04-15 01:40:33,290 - INFO - 点赞数：0
2021-04-15 01:40:33,290 - INFO - 评论数：0
2021-04-15 01:40:33,290 - INFO - 转发数：0
2021-04-15 01:40:33,290 - INFO - 话题：
2021-04-15 01:40:33,290 - INFO - @用户：
2021-04-15 01:40:33,290 - INFO - url：https://m.weibo.cn/detail/4413569028274724
2021-04-15 01:40:33,290 - INFO - ------------------------------------------------------------------------------------------------------------------------
2021-04-15 01:40:33,290 - INFO - 微博id：4413489395334858
2021-04-15 01:40:33,290 - INFO - 微博正文：【linux】 sed、awk、cut、sort、uniq等命令 网页链接 
2021-04-15 01:40:33,290 - INFO - 原始图片url：
2021-04-15 01:40:33,290 - INFO - 微博位置：
2021-04-15 01:40:33,290 - INFO - 发布时间：2019-09-06
2021-04-15 01:40:33,290 - INFO - 发布工具：分享按钮
2021-04-15 01:40:33,290 - INFO - 点赞数：0
2021-04-15 01:40:33,290 - INFO - 评论数：0
2021-04-15 01:40:33,290 - INFO - 转发数：0
2021-04-15 01:40:33,290 - INFO - 话题：
2021-04-15 01:40:33,290 - INFO - @用户：
2021-04-15 01:40:33,290 - INFO - url：https://m.weibo.cn/detail/4413489395334858
2021-04-15 01:40:33,290 - INFO - ------------------------------------------------------------------------------------------------------------------------
2021-04-15 01:40:33,290 - INFO - 微博id：4413204560317994
2021-04-15 01:40:33,290 - INFO - 微博正文：192. 统计词频 - 力扣（LeetCode） 网页链接 
2021-04-15 01:40:33,290 - INFO - 原始图片url：
2021-04-15 01:40:33,290 - INFO - 微博位置：
2021-04-15 01:40:33,290 - INFO - 发布时间：2019-09-05
2021-04-15 01:40:33,290 - INFO - 发布工具：分享按钮
2021-04-15 01:40:33,290 - INFO - 点赞数：0
2021-04-15 01:40:33,290 - INFO - 评论数：0
2021-04-15 01:40:33,290 - INFO - 转发数：0
2021-04-15 01:40:33,290 - INFO - 话题：
2021-04-15 01:40:33,290 - INFO - @用户：
2021-04-15 01:40:33,290 - INFO - url：https://m.weibo.cn/detail/4413204560317994
2021-04-15 01:40:33,290 - INFO - ------------------------------------------------------------------------------------------------------------------------
2021-04-15 01:40:33,290 - INFO - 微博id：4413164596320598
2021-04-15 01:40:33,290 - INFO - 微博正文：177. 第N高的薪水 - 力扣（LeetCode） 网页链接 
2021-04-15 01:40:33,290 - INFO - 原始图片url：
2021-04-15 01:40:33,290 - INFO - 微博位置：
2021-04-15 01:40:33,290 - INFO - 发布时间：2019-09-05
2021-04-15 01:40:33,290 - INFO - 发布工具：分享按钮
2021-04-15 01:40:33,290 - INFO - 点赞数：0
2021-04-15 01:40:33,290 - INFO - 评论数：0
2021-04-15 01:40:33,290 - INFO - 转发数：0
2021-04-15 01:40:33,290 - INFO - 话题：
2021-04-15 01:40:33,290 - INFO - @用户：
2021-04-15 01:40:33,290 - INFO - url：https://m.weibo.cn/detail/4413164596320598
2021-04-15 01:40:33,290 - INFO - ------------------------------------------------------------------------------------------------------------------------
2021-04-15 01:40:33,290 - INFO - ------------------------------已获取窦永厚(5782957659)的第1页微博------------------------------
2021-04-15 01:40:33,493 - INFO - 微博id：4412853144594504
2021-04-15 01:40:33,493 - INFO - 微博正文：【linux】 sed、awk、cut、sort、uniq等命令 网页链接 
2021-04-15 01:40:33,493 - INFO - 原始图片url：
2021-04-15 01:40:33,493 - INFO - 微博位置：
2021-04-15 01:40:33,493 - INFO - 发布时间：2019-09-04
2021-04-15 01:40:33,493 - INFO - 发布工具：分享按钮
2021-04-15 01:40:33,493 - INFO - 点赞数：0
2021-04-15 01:40:33,493 - INFO - 评论数：0
2021-04-15 01:40:33,493 - INFO - 转发数：0
2021-04-15 01:40:33,493 - INFO - 话题：
2021-04-15 01:40:33,493 - INFO - @用户：
2021-04-15 01:40:33,493 - INFO - url：https://m.weibo.cn/detail/4412853144594504
2021-04-15 01:40:33,493 - INFO - ------------------------------------------------------------------------------------------------------------------------
2021-04-15 01:40:33,509 - INFO - 微博id：4412852674369454
2021-04-15 01:40:33,509 - INFO - 微博正文：SHELL剔除另一个的文件内容-CSDN下载 网页链接 
2021-04-15 01:40:33,509 - INFO - 原始图片url：
2021-04-15 01:40:33,509 - INFO - 微博位置：
2021-04-15 01:40:33,509 - INFO - 发布时间：2019-09-04
2021-04-15 01:40:33,509 - INFO - 发布工具：百度分享
2021-04-15 01:40:33,509 - INFO - 点赞数：0
2021-04-15 01:40:33,509 - INFO - 评论数：0
2021-04-15 01:40:33,509 - INFO - 转发数：0
2021-04-15 01:40:33,509 - INFO - 话题：
2021-04-15 01:40:33,509 - INFO - @用户：
2021-04-15 01:40:33,509 - INFO - url：https://m.weibo.cn/detail/4412852674369454
2021-04-15 01:40:33,509 - INFO - ------------------------------------------------------------------------------------------------------------------------
2021-04-15 01:40:33,509 - INFO - ------------------------------已获取窦永厚(5782957659)的第2页微博------------------------------
2021-04-15 01:40:33,509 - INFO - 11条微博写入csv文件完毕,保存路径:
2021-04-15 01:40:33,509 - INFO - D:\code\weibo-master\src\main\python\weibo\窦永厚\5782957659.csv
2021-04-15 01:40:33,540 - INFO - 11条微博写入MySQL数据库完毕
2021-04-15 01:40:33,540 - INFO - 微博爬取完成，共爬取11条微博
2021-04-15 01:40:33,540 - INFO - 信息抓取完毕
2021-04-15 01:40:33,540 - INFO - ****************************************************************************************************
2021-04-15 02:04:32,150 - INFO - 窦永厚 信息写入csv文件完毕，保存路径:
2021-04-15 02:04:32,151 - INFO - D:\code\weibo-master\src\main\python\weibo\users.csv
2021-04-15 02:04:32,190 - INFO - 窦永厚信息写入MySQL数据库完毕
2021-04-15 02:04:32,191 - INFO - ++++++++++++++++++++++++++++++++++++++++++++++++++++++++++++++++++++++++++++++++++++++++++++++++++++
2021-04-15 02:04:32,191 - INFO - 用户信息
2021-04-15 02:04:32,191 - INFO - 用户id：5782957659
2021-04-15 02:04:32,191 - INFO - 用户昵称：窦永厚
2021-04-15 02:04:32,192 - INFO - 性别：男
2021-04-15 02:04:32,192 - INFO - 生日：
2021-04-15 02:04:32,192 - INFO - 所在地：山西 太原
2021-04-15 02:04:32,192 - INFO - 教育经历：
2021-04-15 02:04:32,193 - INFO - 公司：
2021-04-15 02:04:32,193 - INFO - 阳光信用：
2021-04-15 02:04:32,193 - INFO - 注册时间：
2021-04-15 02:04:32,193 - INFO - 微博数：12
2021-04-15 02:04:32,194 - INFO - 粉丝数：20
2021-04-15 02:04:32,194 - INFO - 关注数：10
2021-04-15 02:04:32,194 - INFO - url：https://m.weibo.cn/profile/5782957659
2021-04-15 02:04:32,194 - INFO - 
2021-04-15 02:04:32,195 - INFO - ++++++++++++++++++++++++++++++++++++++++++++++++++++++++++++++++++++++++++++++++++++++++++++++++++++
2021-04-15 02:04:32,461 - INFO - 微博id：4481327673531073
2021-04-15 02:04:32,461 - INFO - 微博正文：hive调优之map task数量 网页链接 
2021-04-15 02:04:32,461 - INFO - 原始图片url：
2021-04-15 02:04:32,461 - INFO - 微博位置：
2021-04-15 02:04:32,461 - INFO - 发布时间：2020-03-11
2021-04-15 02:04:32,461 - INFO - 发布工具：分享按钮
2021-04-15 02:04:32,461 - INFO - 点赞数：0
2021-04-15 02:04:32,462 - INFO - 评论数：0
2021-04-15 02:04:32,462 - INFO - 转发数：0
2021-04-15 02:04:32,462 - INFO - 话题：
2021-04-15 02:04:32,462 - INFO - @用户：
2021-04-15 02:04:32,462 - INFO - url：https://m.weibo.cn/detail/4481327673531073
2021-04-15 02:04:32,462 - INFO - ------------------------------------------------------------------------------------------------------------------------
2021-04-15 02:04:32,463 - INFO - 微博id：4481317577995867
2021-04-15 02:04:32,463 - INFO - 微博正文：hive调优之map task数量 网页链接 
2021-04-15 02:04:32,463 - INFO - 原始图片url：
2021-04-15 02:04:32,463 - INFO - 微博位置：
2021-04-15 02:04:32,463 - INFO - 发布时间：2020-03-11
2021-04-15 02:04:32,463 - INFO - 发布工具：分享按钮
2021-04-15 02:04:32,463 - INFO - 点赞数：0
2021-04-15 02:04:32,463 - INFO - 评论数：1
2021-04-15 02:04:32,463 - INFO - 转发数：0
2021-04-15 02:04:32,463 - INFO - 话题：
2021-04-15 02:04:32,464 - INFO - @用户：
2021-04-15 02:04:32,464 - INFO - url：https://m.weibo.cn/detail/4481317577995867
2021-04-15 02:04:32,464 - INFO - ------------------------------------------------------------------------------------------------------------------------
2021-04-15 02:04:32,464 - INFO - 微博id：4480909447458259
2021-04-15 02:04:32,465 - INFO - 微博正文：hive调优之map task数量 网页链接 
2021-04-15 02:04:32,465 - INFO - 原始图片url：
2021-04-15 02:04:32,465 - INFO - 微博位置：
2021-04-15 02:04:32,465 - INFO - 发布时间：2020-03-10
2021-04-15 02:04:32,465 - INFO - 发布工具：分享按钮
2021-04-15 02:04:32,465 - INFO - 点赞数：0
2021-04-15 02:04:32,465 - INFO - 评论数：0
2021-04-15 02:04:32,465 - INFO - 转发数：0
2021-04-15 02:04:32,465 - INFO - 话题：
2021-04-15 02:04:32,465 - INFO - @用户：
2021-04-15 02:04:32,465 - INFO - url：https://m.weibo.cn/detail/4480909447458259
2021-04-15 02:04:32,465 - INFO - ------------------------------------------------------------------------------------------------------------------------
2021-04-15 02:04:32,466 - INFO - 微博id：4478377169984885
2021-04-15 02:04:32,466 - INFO - 微博正文：史上最全的git操作 网页链接 
2021-04-15 02:04:32,466 - INFO - 原始图片url：
2021-04-15 02:04:32,466 - INFO - 微博位置：
2021-04-15 02:04:32,466 - INFO - 发布时间：2020-03-03
2021-04-15 02:04:32,466 - INFO - 发布工具：分享按钮
2021-04-15 02:04:32,467 - INFO - 点赞数：0
2021-04-15 02:04:32,467 - INFO - 评论数：0
2021-04-15 02:04:32,467 - INFO - 转发数：0
2021-04-15 02:04:32,467 - INFO - 话题：
2021-04-15 02:04:32,467 - INFO - @用户：
2021-04-15 02:04:32,467 - INFO - url：https://m.weibo.cn/detail/4478377169984885
2021-04-15 02:04:32,467 - INFO - ------------------------------------------------------------------------------------------------------------------------
2021-04-15 02:04:32,468 - INFO - 微博id：4478107375097886
2021-04-15 02:04:32,468 - INFO - 微博正文：hive transform 网页链接 
2021-04-15 02:04:32,468 - INFO - 原始图片url：
2021-04-15 02:04:32,468 - INFO - 微博位置：
2021-04-15 02:04:32,468 - INFO - 发布时间：2020-03-02
2021-04-15 02:04:32,468 - INFO - 发布工具：分享按钮
2021-04-15 02:04:32,468 - INFO - 点赞数：0
2021-04-15 02:04:32,468 - INFO - 评论数：0
2021-04-15 02:04:32,468 - INFO - 转发数：0
2021-04-15 02:04:32,468 - INFO - 话题：
2021-04-15 02:04:32,468 - INFO - @用户：
2021-04-15 02:04:32,468 - INFO - url：https://m.weibo.cn/detail/4478107375097886
2021-04-15 02:04:32,468 - INFO - ------------------------------------------------------------------------------------------------------------------------
2021-04-15 02:04:32,469 - INFO - 微博id：4413569028274724
2021-04-15 02:04:32,469 - INFO - 微博正文：【linux】 sed、awk、cut、sort、uniq等命令-更新版 网页链接 
2021-04-15 02:04:32,469 - INFO - 原始图片url：
2021-04-15 02:04:32,469 - INFO - 微博位置：
2021-04-15 02:04:32,469 - INFO - 发布时间：2019-09-06
2021-04-15 02:04:32,469 - INFO - 发布工具：分享按钮
2021-04-15 02:04:32,470 - INFO - 点赞数：0
2021-04-15 02:04:32,470 - INFO - 评论数：0
2021-04-15 02:04:32,470 - INFO - 转发数：0
2021-04-15 02:04:32,470 - INFO - 话题：
2021-04-15 02:04:32,470 - INFO - @用户：
2021-04-15 02:04:32,470 - INFO - url：https://m.weibo.cn/detail/4413569028274724
2021-04-15 02:04:32,470 - INFO - ------------------------------------------------------------------------------------------------------------------------
2021-04-15 02:04:32,471 - INFO - 微博id：4413489395334858
2021-04-15 02:04:32,471 - INFO - 微博正文：【linux】 sed、awk、cut、sort、uniq等命令 网页链接 
2021-04-15 02:04:32,471 - INFO - 原始图片url：
2021-04-15 02:04:32,471 - INFO - 微博位置：
2021-04-15 02:04:32,471 - INFO - 发布时间：2019-09-06
2021-04-15 02:04:32,471 - INFO - 发布工具：分享按钮
2021-04-15 02:04:32,471 - INFO - 点赞数：0
2021-04-15 02:04:32,471 - INFO - 评论数：0
2021-04-15 02:04:32,471 - INFO - 转发数：0
2021-04-15 02:04:32,471 - INFO - 话题：
2021-04-15 02:04:32,471 - INFO - @用户：
2021-04-15 02:04:32,471 - INFO - url：https://m.weibo.cn/detail/4413489395334858
2021-04-15 02:04:32,471 - INFO - ------------------------------------------------------------------------------------------------------------------------
2021-04-15 02:04:32,472 - INFO - 微博id：4413204560317994
2021-04-15 02:04:32,472 - INFO - 微博正文：192. 统计词频 - 力扣（LeetCode） 网页链接 
2021-04-15 02:04:32,472 - INFO - 原始图片url：
2021-04-15 02:04:32,472 - INFO - 微博位置：
2021-04-15 02:04:32,472 - INFO - 发布时间：2019-09-05
2021-04-15 02:04:32,473 - INFO - 发布工具：分享按钮
2021-04-15 02:04:32,473 - INFO - 点赞数：0
2021-04-15 02:04:32,473 - INFO - 评论数：0
2021-04-15 02:04:32,473 - INFO - 转发数：0
2021-04-15 02:04:32,473 - INFO - 话题：
2021-04-15 02:04:32,473 - INFO - @用户：
2021-04-15 02:04:32,473 - INFO - url：https://m.weibo.cn/detail/4413204560317994
2021-04-15 02:04:32,473 - INFO - ------------------------------------------------------------------------------------------------------------------------
2021-04-15 02:04:32,474 - INFO - 微博id：4413164596320598
2021-04-15 02:04:32,474 - INFO - 微博正文：177. 第N高的薪水 - 力扣（LeetCode） 网页链接 
2021-04-15 02:04:32,475 - INFO - 原始图片url：
2021-04-15 02:04:32,475 - INFO - 微博位置：
2021-04-15 02:04:32,475 - INFO - 发布时间：2019-09-05
2021-04-15 02:04:32,475 - INFO - 发布工具：分享按钮
2021-04-15 02:04:32,475 - INFO - 点赞数：0
2021-04-15 02:04:32,475 - INFO - 评论数：0
2021-04-15 02:04:32,475 - INFO - 转发数：0
2021-04-15 02:04:32,475 - INFO - 话题：
2021-04-15 02:04:32,475 - INFO - @用户：
2021-04-15 02:04:32,475 - INFO - url：https://m.weibo.cn/detail/4413164596320598
2021-04-15 02:04:32,475 - INFO - ------------------------------------------------------------------------------------------------------------------------
2021-04-15 02:04:32,476 - INFO - ------------------------------已获取窦永厚(5782957659)的第1页微博------------------------------
2021-04-15 02:04:32,696 - INFO - 微博id：4412853144594504
2021-04-15 02:04:32,696 - INFO - 微博正文：【linux】 sed、awk、cut、sort、uniq等命令 网页链接 
2021-04-15 02:04:32,697 - INFO - 原始图片url：
2021-04-15 02:04:32,697 - INFO - 微博位置：
2021-04-15 02:04:32,697 - INFO - 发布时间：2019-09-04
2021-04-15 02:04:32,698 - INFO - 发布工具：分享按钮
2021-04-15 02:04:32,698 - INFO - 点赞数：0
2021-04-15 02:04:32,698 - INFO - 评论数：0
2021-04-15 02:04:32,699 - INFO - 转发数：0
2021-04-15 02:04:32,699 - INFO - 话题：
2021-04-15 02:04:32,699 - INFO - @用户：
2021-04-15 02:04:32,700 - INFO - url：https://m.weibo.cn/detail/4412853144594504
2021-04-15 02:04:32,700 - INFO - ------------------------------------------------------------------------------------------------------------------------
2021-04-15 02:04:32,702 - INFO - 微博id：4412852674369454
2021-04-15 02:04:32,702 - INFO - 微博正文：SHELL剔除另一个的文件内容-CSDN下载 网页链接 
2021-04-15 02:04:32,703 - INFO - 原始图片url：
2021-04-15 02:04:32,703 - INFO - 微博位置：
2021-04-15 02:04:32,704 - INFO - 发布时间：2019-09-04
2021-04-15 02:04:32,704 - INFO - 发布工具：百度分享
2021-04-15 02:04:32,704 - INFO - 点赞数：0
2021-04-15 02:04:32,705 - INFO - 评论数：0
2021-04-15 02:04:32,705 - INFO - 转发数：0
2021-04-15 02:04:32,705 - INFO - 话题：
2021-04-15 02:04:32,706 - INFO - @用户：
2021-04-15 02:04:32,706 - INFO - url：https://m.weibo.cn/detail/4412852674369454
2021-04-15 02:04:32,707 - INFO - ------------------------------------------------------------------------------------------------------------------------
2021-04-15 02:04:32,708 - INFO - ------------------------------已获取窦永厚(5782957659)的第2页微博------------------------------
2021-04-15 02:04:32,711 - INFO - 11条微博写入csv文件完毕,保存路径:
2021-04-15 02:04:32,711 - INFO - D:\code\weibo-master\src\main\python\weibo\窦永厚\5782957659.csv
2021-04-15 02:04:32,742 - INFO - 11条微博写入MySQL数据库完毕
2021-04-15 02:04:32,742 - INFO - 微博爬取完成，共爬取11条微博
2021-04-15 02:04:32,743 - INFO - 信息抓取完毕
2021-04-15 02:04:32,743 - INFO - ****************************************************************************************************
2021-04-15 21:49:01,164 - INFO - 窦永厚 信息写入csv文件完毕，保存路径:
2021-04-15 21:49:01,165 - INFO - D:\code\weibo-master\src\main\python\weibo\users.csv
2021-04-15 21:49:01,223 - INFO - 窦永厚信息写入MySQL数据库完毕
2021-04-15 21:49:01,223 - INFO - ++++++++++++++++++++++++++++++++++++++++++++++++++++++++++++++++++++++++++++++++++++++++++++++++++++
2021-04-15 21:49:01,223 - INFO - 用户信息
2021-04-15 21:49:01,224 - INFO - 用户id：5782957659
2021-04-15 21:49:01,224 - INFO - 用户昵称：窦永厚
2021-04-15 21:49:01,224 - INFO - 性别：男
2021-04-15 21:49:01,224 - INFO - 生日：
2021-04-15 21:49:01,224 - INFO - 所在地：山西 太原
2021-04-15 21:49:01,224 - INFO - 教育经历：
2021-04-15 21:49:01,224 - INFO - 公司：
2021-04-15 21:49:01,224 - INFO - 阳光信用：
2021-04-15 21:49:01,225 - INFO - 注册时间：
2021-04-15 21:49:01,225 - INFO - 微博数：12
2021-04-15 21:49:01,225 - INFO - 粉丝数：20
2021-04-15 21:49:01,225 - INFO - 关注数：10
2021-04-15 21:49:01,225 - INFO - url：https://m.weibo.cn/profile/5782957659
2021-04-15 21:49:01,225 - INFO - 
2021-04-15 21:49:01,225 - INFO - ++++++++++++++++++++++++++++++++++++++++++++++++++++++++++++++++++++++++++++++++++++++++++++++++++++
2021-04-15 21:49:01,582 - INFO - 微博id：4481327673531073
2021-04-15 21:49:01,583 - INFO - 微博正文：hive调优之map task数量 网页链接 
2021-04-15 21:49:01,583 - INFO - 原始图片url：
2021-04-15 21:49:01,583 - INFO - 微博位置：
2021-04-15 21:49:01,583 - INFO - 发布时间：2020-03-11
2021-04-15 21:49:01,583 - INFO - 发布工具：分享按钮
2021-04-15 21:49:01,583 - INFO - 点赞数：0
2021-04-15 21:49:01,583 - INFO - 评论数：0
2021-04-15 21:49:01,583 - INFO - 转发数：0
2021-04-15 21:49:01,584 - INFO - 话题：
2021-04-15 21:49:01,584 - INFO - @用户：
2021-04-15 21:49:01,584 - INFO - url：https://m.weibo.cn/detail/4481327673531073
2021-04-15 21:49:01,584 - INFO - ------------------------------------------------------------------------------------------------------------------------
2021-04-15 21:49:01,585 - INFO - 微博id：4481317577995867
2021-04-15 21:49:01,585 - INFO - 微博正文：hive调优之map task数量 网页链接 
2021-04-15 21:49:01,586 - INFO - 原始图片url：
2021-04-15 21:49:01,586 - INFO - 微博位置：
2021-04-15 21:49:01,586 - INFO - 发布时间：2020-03-11
2021-04-15 21:49:01,586 - INFO - 发布工具：分享按钮
2021-04-15 21:49:01,586 - INFO - 点赞数：0
2021-04-15 21:49:01,586 - INFO - 评论数：1
2021-04-15 21:49:01,586 - INFO - 转发数：0
2021-04-15 21:49:01,586 - INFO - 话题：
2021-04-15 21:49:01,586 - INFO - @用户：
2021-04-15 21:49:01,587 - INFO - url：https://m.weibo.cn/detail/4481317577995867
2021-04-15 21:49:01,587 - INFO - ------------------------------------------------------------------------------------------------------------------------
2021-04-15 21:49:01,588 - INFO - 微博id：4480909447458259
2021-04-15 21:49:01,588 - INFO - 微博正文：hive调优之map task数量 网页链接 
2021-04-15 21:49:01,588 - INFO - 原始图片url：
2021-04-15 21:49:01,588 - INFO - 微博位置：
2021-04-15 21:49:01,588 - INFO - 发布时间：2020-03-10
2021-04-15 21:49:01,589 - INFO - 发布工具：分享按钮
2021-04-15 21:49:01,589 - INFO - 点赞数：0
2021-04-15 21:49:01,589 - INFO - 评论数：0
2021-04-15 21:49:01,589 - INFO - 转发数：0
2021-04-15 21:49:01,589 - INFO - 话题：
2021-04-15 21:49:01,589 - INFO - @用户：
2021-04-15 21:49:01,589 - INFO - url：https://m.weibo.cn/detail/4480909447458259
2021-04-15 21:49:01,589 - INFO - ------------------------------------------------------------------------------------------------------------------------
2021-04-15 21:49:01,591 - INFO - 微博id：4478377169984885
2021-04-15 21:49:01,591 - INFO - 微博正文：史上最全的git操作 网页链接 
2021-04-15 21:49:01,591 - INFO - 原始图片url：
2021-04-15 21:49:01,591 - INFO - 微博位置：
2021-04-15 21:49:01,591 - INFO - 发布时间：2020-03-03
2021-04-15 21:49:01,592 - INFO - 发布工具：分享按钮
2021-04-15 21:49:01,592 - INFO - 点赞数：0
2021-04-15 21:49:01,592 - INFO - 评论数：0
2021-04-15 21:49:01,592 - INFO - 转发数：0
2021-04-15 21:49:01,592 - INFO - 话题：
2021-04-15 21:49:01,592 - INFO - @用户：
2021-04-15 21:49:01,592 - INFO - url：https://m.weibo.cn/detail/4478377169984885
2021-04-15 21:49:01,592 - INFO - ------------------------------------------------------------------------------------------------------------------------
2021-04-15 21:49:01,593 - INFO - 微博id：4478107375097886
2021-04-15 21:49:01,593 - INFO - 微博正文：hive transform 网页链接 
2021-04-15 21:49:01,594 - INFO - 原始图片url：
2021-04-15 21:49:01,594 - INFO - 微博位置：
2021-04-15 21:49:01,594 - INFO - 发布时间：2020-03-02
2021-04-15 21:49:01,594 - INFO - 发布工具：分享按钮
2021-04-15 21:49:01,594 - INFO - 点赞数：0
2021-04-15 21:49:01,595 - INFO - 评论数：0
2021-04-15 21:49:01,595 - INFO - 转发数：0
2021-04-15 21:49:01,595 - INFO - 话题：
2021-04-15 21:49:01,595 - INFO - @用户：
2021-04-15 21:49:01,595 - INFO - url：https://m.weibo.cn/detail/4478107375097886
2021-04-15 21:49:01,595 - INFO - ------------------------------------------------------------------------------------------------------------------------
2021-04-15 21:49:01,596 - INFO - 微博id：4413569028274724
2021-04-15 21:49:01,596 - INFO - 微博正文：【linux】 sed、awk、cut、sort、uniq等命令-更新版 网页链接 
2021-04-15 21:49:01,597 - INFO - 原始图片url：
2021-04-15 21:49:01,597 - INFO - 微博位置：
2021-04-15 21:49:01,597 - INFO - 发布时间：2019-09-06
2021-04-15 21:49:01,597 - INFO - 发布工具：分享按钮
2021-04-15 21:49:01,597 - INFO - 点赞数：0
2021-04-15 21:49:01,597 - INFO - 评论数：0
2021-04-15 21:49:01,597 - INFO - 转发数：0
2021-04-15 21:49:01,597 - INFO - 话题：
2021-04-15 21:49:01,597 - INFO - @用户：
2021-04-15 21:49:01,598 - INFO - url：https://m.weibo.cn/detail/4413569028274724
2021-04-15 21:49:01,598 - INFO - ------------------------------------------------------------------------------------------------------------------------
2021-04-15 21:49:01,599 - INFO - 微博id：4413489395334858
2021-04-15 21:49:01,599 - INFO - 微博正文：【linux】 sed、awk、cut、sort、uniq等命令 网页链接 
2021-04-15 21:49:01,599 - INFO - 原始图片url：
2021-04-15 21:49:01,599 - INFO - 微博位置：
2021-04-15 21:49:01,599 - INFO - 发布时间：2019-09-06
2021-04-15 21:49:01,599 - INFO - 发布工具：分享按钮
2021-04-15 21:49:01,599 - INFO - 点赞数：0
2021-04-15 21:49:01,600 - INFO - 评论数：0
2021-04-15 21:49:01,600 - INFO - 转发数：0
2021-04-15 21:49:01,600 - INFO - 话题：
2021-04-15 21:49:01,600 - INFO - @用户：
2021-04-15 21:49:01,600 - INFO - url：https://m.weibo.cn/detail/4413489395334858
2021-04-15 21:49:01,600 - INFO - ------------------------------------------------------------------------------------------------------------------------
2021-04-15 21:49:01,601 - INFO - 微博id：4413204560317994
2021-04-15 21:49:01,601 - INFO - 微博正文：192. 统计词频 - 力扣（LeetCode） 网页链接 
2021-04-15 21:49:01,602 - INFO - 原始图片url：
2021-04-15 21:49:01,602 - INFO - 微博位置：
2021-04-15 21:49:01,602 - INFO - 发布时间：2019-09-05
2021-04-15 21:49:01,602 - INFO - 发布工具：分享按钮
2021-04-15 21:49:01,602 - INFO - 点赞数：0
2021-04-15 21:49:01,602 - INFO - 评论数：0
2021-04-15 21:49:01,602 - INFO - 转发数：0
2021-04-15 21:49:01,603 - INFO - 话题：
2021-04-15 21:49:01,603 - INFO - @用户：
2021-04-15 21:49:01,603 - INFO - url：https://m.weibo.cn/detail/4413204560317994
2021-04-15 21:49:01,603 - INFO - ------------------------------------------------------------------------------------------------------------------------
2021-04-15 21:49:01,604 - INFO - 微博id：4413164596320598
2021-04-15 21:49:01,604 - INFO - 微博正文：177. 第N高的薪水 - 力扣（LeetCode） 网页链接 
2021-04-15 21:49:01,604 - INFO - 原始图片url：
2021-04-15 21:49:01,604 - INFO - 微博位置：
2021-04-15 21:49:01,605 - INFO - 发布时间：2019-09-05
2021-04-15 21:49:01,605 - INFO - 发布工具：分享按钮
2021-04-15 21:49:01,605 - INFO - 点赞数：0
2021-04-15 21:49:01,605 - INFO - 评论数：0
2021-04-15 21:49:01,605 - INFO - 转发数：0
2021-04-15 21:49:01,605 - INFO - 话题：
2021-04-15 21:49:01,605 - INFO - @用户：
2021-04-15 21:49:01,605 - INFO - url：https://m.weibo.cn/detail/4413164596320598
2021-04-15 21:49:01,606 - INFO - ------------------------------------------------------------------------------------------------------------------------
2021-04-15 21:49:01,606 - INFO - ------------------------------已获取窦永厚(5782957659)的第1页微博------------------------------
2021-04-15 21:49:11,834 - INFO - 微博id：4412853144594504
2021-04-15 21:49:11,834 - INFO - 微博正文：【linux】 sed、awk、cut、sort、uniq等命令 网页链接 
2021-04-15 21:49:11,835 - INFO - 原始图片url：
2021-04-15 21:49:11,835 - INFO - 微博位置：
2021-04-15 21:49:11,835 - INFO - 发布时间：2019-09-04
2021-04-15 21:49:11,835 - INFO - 发布工具：分享按钮
2021-04-15 21:49:11,835 - INFO - 点赞数：0
2021-04-15 21:49:11,835 - INFO - 评论数：0
2021-04-15 21:49:11,835 - INFO - 转发数：0
2021-04-15 21:49:11,835 - INFO - 话题：
2021-04-15 21:49:11,835 - INFO - @用户：
2021-04-15 21:49:11,835 - INFO - url：https://m.weibo.cn/detail/4412853144594504
2021-04-15 21:49:11,835 - INFO - ------------------------------------------------------------------------------------------------------------------------
2021-04-15 21:49:11,836 - INFO - 微博id：4412852674369454
2021-04-15 21:49:11,836 - INFO - 微博正文：SHELL剔除另一个的文件内容-CSDN下载 网页链接 
2021-04-15 21:49:11,836 - INFO - 原始图片url：
2021-04-15 21:49:11,836 - INFO - 微博位置：
2021-04-15 21:49:11,836 - INFO - 发布时间：2019-09-04
2021-04-15 21:49:11,836 - INFO - 发布工具：百度分享
2021-04-15 21:49:11,836 - INFO - 点赞数：0
2021-04-15 21:49:11,836 - INFO - 评论数：0
2021-04-15 21:49:11,836 - INFO - 转发数：0
2021-04-15 21:49:11,837 - INFO - 话题：
2021-04-15 21:49:11,837 - INFO - @用户：
2021-04-15 21:49:11,837 - INFO - url：https://m.weibo.cn/detail/4412852674369454
2021-04-15 21:49:11,837 - INFO - ------------------------------------------------------------------------------------------------------------------------
2021-04-15 21:49:11,837 - INFO - ------------------------------已获取窦永厚(5782957659)的第2页微博------------------------------
2021-04-15 21:49:11,839 - INFO - 11条微博写入csv文件完毕,保存路径:
2021-04-15 21:49:11,839 - INFO - D:\code\weibo-master\src\main\python\weibo\窦永厚\5782957659.csv
2021-04-15 21:49:11,888 - INFO - 11条微博写入MySQL数据库完毕
2021-04-15 21:49:11,889 - INFO - 微博爬取完成，共爬取11条微博
2021-04-15 21:49:11,889 - INFO - 信息抓取完毕
2021-04-15 21:49:11,889 - INFO - ****************************************************************************************************
2021-04-15 21:55:43,367 - INFO - 窦永厚 信息写入csv文件完毕，保存路径:
2021-04-15 21:55:43,368 - INFO - D:\code\weibo-master\src\main\python\weibo\users.csv
2021-04-15 21:55:43,413 - INFO - 窦永厚信息写入MySQL数据库完毕
2021-04-15 21:55:43,413 - INFO - ++++++++++++++++++++++++++++++++++++++++++++++++++++++++++++++++++++++++++++++++++++++++++++++++++++
2021-04-15 21:55:43,413 - INFO - 用户信息
2021-04-15 21:55:43,413 - INFO - 用户id：5782957659
2021-04-15 21:55:43,413 - INFO - 用户昵称：窦永厚
2021-04-15 21:55:43,414 - INFO - 性别：男
2021-04-15 21:55:43,414 - INFO - 生日：
2021-04-15 21:55:43,414 - INFO - 所在地：山西 太原
2021-04-15 21:55:43,414 - INFO - 教育经历：
2021-04-15 21:55:43,414 - INFO - 公司：
2021-04-15 21:55:43,414 - INFO - 阳光信用：
2021-04-15 21:55:43,414 - INFO - 注册时间：
2021-04-15 21:55:43,415 - INFO - 微博数：12
2021-04-15 21:55:43,415 - INFO - 粉丝数：20
2021-04-15 21:55:43,415 - INFO - 关注数：10
2021-04-15 21:55:43,415 - INFO - url：https://m.weibo.cn/profile/5782957659
2021-04-15 21:55:43,415 - INFO - 
2021-04-15 21:55:43,415 - INFO - ++++++++++++++++++++++++++++++++++++++++++++++++++++++++++++++++++++++++++++++++++++++++++++++++++++
2021-04-15 21:55:43,691 - INFO - 微博id：4481327673531073
2021-04-15 21:55:43,691 - INFO - 微博正文：hive调优之map task数量 网页链接 
2021-04-15 21:55:43,692 - INFO - 原始图片url：
2021-04-15 21:55:43,692 - INFO - 微博位置：
2021-04-15 21:55:43,692 - INFO - 发布时间：2020-03-11
2021-04-15 21:55:43,692 - INFO - 发布工具：分享按钮
2021-04-15 21:55:43,693 - INFO - 点赞数：0
2021-04-15 21:55:43,693 - INFO - 评论数：0
2021-04-15 21:55:43,693 - INFO - 转发数：0
2021-04-15 21:55:43,693 - INFO - 话题：
2021-04-15 21:55:43,693 - INFO - @用户：
2021-04-15 21:55:43,694 - INFO - url：https://m.weibo.cn/detail/4481327673531073
2021-04-15 21:55:43,694 - INFO - ------------------------------------------------------------------------------------------------------------------------
2021-04-15 21:55:43,696 - INFO - 微博id：4481317577995867
2021-04-15 21:55:43,696 - INFO - 微博正文：hive调优之map task数量 网页链接 
2021-04-15 21:55:43,697 - INFO - 原始图片url：
2021-04-15 21:55:43,697 - INFO - 微博位置：
2021-04-15 21:55:43,697 - INFO - 发布时间：2020-03-11
2021-04-15 21:55:43,698 - INFO - 发布工具：分享按钮
2021-04-15 21:55:43,698 - INFO - 点赞数：0
2021-04-15 21:55:43,698 - INFO - 评论数：1
2021-04-15 21:55:43,699 - INFO - 转发数：0
2021-04-15 21:55:43,700 - INFO - 话题：
2021-04-15 21:55:43,700 - INFO - @用户：
2021-04-15 21:55:43,701 - INFO - url：https://m.weibo.cn/detail/4481317577995867
2021-04-15 21:55:43,701 - INFO - ------------------------------------------------------------------------------------------------------------------------
2021-04-15 21:55:43,702 - INFO - 微博id：4480909447458259
2021-04-15 21:55:43,702 - INFO - 微博正文：hive调优之map task数量 网页链接 
2021-04-15 21:55:43,702 - INFO - 原始图片url：
2021-04-15 21:55:43,702 - INFO - 微博位置：
2021-04-15 21:55:43,702 - INFO - 发布时间：2020-03-10
2021-04-15 21:55:43,702 - INFO - 发布工具：分享按钮
2021-04-15 21:55:43,702 - INFO - 点赞数：0
2021-04-15 21:55:43,702 - INFO - 评论数：0
2021-04-15 21:55:43,702 - INFO - 转发数：0
2021-04-15 21:55:43,702 - INFO - 话题：
2021-04-15 21:55:43,703 - INFO - @用户：
2021-04-15 21:55:43,703 - INFO - url：https://m.weibo.cn/detail/4480909447458259
2021-04-15 21:55:43,703 - INFO - ------------------------------------------------------------------------------------------------------------------------
2021-04-15 21:55:43,704 - INFO - 微博id：4478377169984885
2021-04-15 21:55:43,704 - INFO - 微博正文：史上最全的git操作 网页链接 
2021-04-15 21:55:43,704 - INFO - 原始图片url：
2021-04-15 21:55:43,704 - INFO - 微博位置：
2021-04-15 21:55:43,704 - INFO - 发布时间：2020-03-03
2021-04-15 21:55:43,704 - INFO - 发布工具：分享按钮
2021-04-15 21:55:43,704 - INFO - 点赞数：0
2021-04-15 21:55:43,704 - INFO - 评论数：0
2021-04-15 21:55:43,704 - INFO - 转发数：0
2021-04-15 21:55:43,704 - INFO - 话题：
2021-04-15 21:55:43,704 - INFO - @用户：
2021-04-15 21:55:43,705 - INFO - url：https://m.weibo.cn/detail/4478377169984885
2021-04-15 21:55:43,705 - INFO - ------------------------------------------------------------------------------------------------------------------------
2021-04-15 21:55:43,705 - INFO - 微博id：4478107375097886
2021-04-15 21:55:43,706 - INFO - 微博正文：hive transform 网页链接 
2021-04-15 21:55:43,706 - INFO - 原始图片url：
2021-04-15 21:55:43,706 - INFO - 微博位置：
2021-04-15 21:55:43,706 - INFO - 发布时间：2020-03-02
2021-04-15 21:55:43,706 - INFO - 发布工具：分享按钮
2021-04-15 21:55:43,706 - INFO - 点赞数：0
2021-04-15 21:55:43,706 - INFO - 评论数：0
2021-04-15 21:55:43,706 - INFO - 转发数：0
2021-04-15 21:55:43,706 - INFO - 话题：
2021-04-15 21:55:43,706 - INFO - @用户：
2021-04-15 21:55:43,706 - INFO - url：https://m.weibo.cn/detail/4478107375097886
2021-04-15 21:55:43,707 - INFO - ------------------------------------------------------------------------------------------------------------------------
2021-04-15 21:55:43,707 - INFO - 微博id：4413569028274724
2021-04-15 21:55:43,707 - INFO - 微博正文：【linux】 sed、awk、cut、sort、uniq等命令-更新版 网页链接 
2021-04-15 21:55:43,708 - INFO - 原始图片url：
2021-04-15 21:55:43,708 - INFO - 微博位置：
2021-04-15 21:55:43,708 - INFO - 发布时间：2019-09-06
2021-04-15 21:55:43,708 - INFO - 发布工具：分享按钮
2021-04-15 21:55:43,708 - INFO - 点赞数：0
2021-04-15 21:55:43,708 - INFO - 评论数：0
2021-04-15 21:55:43,708 - INFO - 转发数：0
2021-04-15 21:55:43,708 - INFO - 话题：
2021-04-15 21:55:43,708 - INFO - @用户：
2021-04-15 21:55:43,708 - INFO - url：https://m.weibo.cn/detail/4413569028274724
2021-04-15 21:55:43,708 - INFO - ------------------------------------------------------------------------------------------------------------------------
2021-04-15 21:55:43,709 - INFO - 微博id：4413489395334858
2021-04-15 21:55:43,709 - INFO - 微博正文：【linux】 sed、awk、cut、sort、uniq等命令 网页链接 
2021-04-15 21:55:43,709 - INFO - 原始图片url：
2021-04-15 21:55:43,709 - INFO - 微博位置：
2021-04-15 21:55:43,710 - INFO - 发布时间：2019-09-06
2021-04-15 21:55:43,710 - INFO - 发布工具：分享按钮
2021-04-15 21:55:43,710 - INFO - 点赞数：0
2021-04-15 21:55:43,710 - INFO - 评论数：0
2021-04-15 21:55:43,710 - INFO - 转发数：0
2021-04-15 21:55:43,710 - INFO - 话题：
2021-04-15 21:55:43,710 - INFO - @用户：
2021-04-15 21:55:43,710 - INFO - url：https://m.weibo.cn/detail/4413489395334858
2021-04-15 21:55:43,710 - INFO - ------------------------------------------------------------------------------------------------------------------------
2021-04-15 21:55:43,711 - INFO - 微博id：4413204560317994
2021-04-15 21:55:43,711 - INFO - 微博正文：192. 统计词频 - 力扣（LeetCode） 网页链接 
2021-04-15 21:55:43,711 - INFO - 原始图片url：
2021-04-15 21:55:43,711 - INFO - 微博位置：
2021-04-15 21:55:43,711 - INFO - 发布时间：2019-09-05
2021-04-15 21:55:43,711 - INFO - 发布工具：分享按钮
2021-04-15 21:55:43,712 - INFO - 点赞数：0
2021-04-15 21:55:43,712 - INFO - 评论数：0
2021-04-15 21:55:43,712 - INFO - 转发数：0
2021-04-15 21:55:43,712 - INFO - 话题：
2021-04-15 21:55:43,712 - INFO - @用户：
2021-04-15 21:55:43,712 - INFO - url：https://m.weibo.cn/detail/4413204560317994
2021-04-15 21:55:43,712 - INFO - ------------------------------------------------------------------------------------------------------------------------
2021-04-15 21:55:43,713 - INFO - 微博id：4413164596320598
2021-04-15 21:55:43,713 - INFO - 微博正文：177. 第N高的薪水 - 力扣（LeetCode） 网页链接 
2021-04-15 21:55:43,713 - INFO - 原始图片url：
2021-04-15 21:55:43,713 - INFO - 微博位置：
2021-04-15 21:55:43,713 - INFO - 发布时间：2019-09-05
2021-04-15 21:55:43,713 - INFO - 发布工具：分享按钮
2021-04-15 21:55:43,714 - INFO - 点赞数：0
2021-04-15 21:55:43,714 - INFO - 评论数：0
2021-04-15 21:55:43,714 - INFO - 转发数：0
2021-04-15 21:55:43,714 - INFO - 话题：
2021-04-15 21:55:43,714 - INFO - @用户：
2021-04-15 21:55:43,714 - INFO - url：https://m.weibo.cn/detail/4413164596320598
2021-04-15 21:55:43,714 - INFO - ------------------------------------------------------------------------------------------------------------------------
2021-04-15 21:55:43,714 - INFO - ------------------------------已获取窦永厚(5782957659)的第1页微博------------------------------
2021-04-15 21:55:43,931 - INFO - 微博id：4412853144594504
2021-04-15 21:55:43,931 - INFO - 微博正文：【linux】 sed、awk、cut、sort、uniq等命令 网页链接 
2021-04-15 21:55:43,931 - INFO - 原始图片url：
2021-04-15 21:55:43,931 - INFO - 微博位置：
2021-04-15 21:55:43,931 - INFO - 发布时间：2019-09-04
2021-04-15 21:55:43,931 - INFO - 发布工具：分享按钮
2021-04-15 21:55:43,932 - INFO - 点赞数：0
2021-04-15 21:55:43,932 - INFO - 评论数：0
2021-04-15 21:55:43,932 - INFO - 转发数：0
2021-04-15 21:55:43,932 - INFO - 话题：
2021-04-15 21:55:43,932 - INFO - @用户：
2021-04-15 21:55:43,932 - INFO - url：https://m.weibo.cn/detail/4412853144594504
2021-04-15 21:55:43,932 - INFO - ------------------------------------------------------------------------------------------------------------------------
2021-04-15 21:55:43,933 - INFO - 微博id：4412852674369454
2021-04-15 21:55:43,934 - INFO - 微博正文：SHELL剔除另一个的文件内容-CSDN下载 网页链接 
2021-04-15 21:55:43,934 - INFO - 原始图片url：
2021-04-15 21:55:43,934 - INFO - 微博位置：
2021-04-15 21:55:43,934 - INFO - 发布时间：2019-09-04
2021-04-15 21:55:43,934 - INFO - 发布工具：百度分享
2021-04-15 21:55:43,934 - INFO - 点赞数：0
2021-04-15 21:55:43,934 - INFO - 评论数：0
2021-04-15 21:55:43,935 - INFO - 转发数：0
2021-04-15 21:55:43,935 - INFO - 话题：
2021-04-15 21:55:43,935 - INFO - @用户：
2021-04-15 21:55:43,935 - INFO - url：https://m.weibo.cn/detail/4412852674369454
2021-04-15 21:55:43,935 - INFO - ------------------------------------------------------------------------------------------------------------------------
2021-04-15 21:55:43,935 - INFO - ------------------------------已获取窦永厚(5782957659)的第2页微博------------------------------
2021-04-15 21:55:43,937 - INFO - 11条微博写入csv文件完毕,保存路径:
2021-04-15 21:55:43,937 - INFO - D:\code\weibo-master\src\main\python\weibo\窦永厚\5782957659.csv
2021-04-15 21:55:43,975 - INFO - 11条微博写入MySQL数据库完毕
2021-04-15 21:55:43,975 - INFO - 微博爬取完成，共爬取11条微博
2021-04-15 21:55:43,975 - INFO - 信息抓取完毕
2021-04-15 21:55:43,975 - INFO - ****************************************************************************************************
2021-04-15 22:02:10,043 - INFO - 窦永厚 信息写入csv文件完毕，保存路径:
2021-04-15 22:02:10,043 - INFO - D:\code\weibo-master\src\main\python\weibo\users.csv
2021-04-15 22:02:10,077 - INFO - 窦永厚信息写入MySQL数据库完毕
2021-04-15 22:02:10,077 - INFO - ++++++++++++++++++++++++++++++++++++++++++++++++++++++++++++++++++++++++++++++++++++++++++++++++++++
2021-04-15 22:02:10,077 - INFO - 用户信息
2021-04-15 22:02:10,077 - INFO - 用户id：5782957659
2021-04-15 22:02:10,077 - INFO - 用户昵称：窦永厚
2021-04-15 22:02:10,077 - INFO - 性别：男
2021-04-15 22:02:10,078 - INFO - 生日：
2021-04-15 22:02:10,078 - INFO - 所在地：山西 太原
2021-04-15 22:02:10,078 - INFO - 教育经历：
2021-04-15 22:02:10,078 - INFO - 公司：
2021-04-15 22:02:10,078 - INFO - 阳光信用：
2021-04-15 22:02:10,078 - INFO - 注册时间：
2021-04-15 22:02:10,078 - INFO - 微博数：12
2021-04-15 22:02:10,079 - INFO - 粉丝数：20
2021-04-15 22:02:10,079 - INFO - 关注数：10
2021-04-15 22:02:10,079 - INFO - url：https://m.weibo.cn/profile/5782957659
2021-04-15 22:02:10,079 - INFO - 
2021-04-15 22:02:10,079 - INFO - ++++++++++++++++++++++++++++++++++++++++++++++++++++++++++++++++++++++++++++++++++++++++++++++++++++
2021-04-15 22:02:10,364 - INFO - 微博id：4481327673531073
2021-04-15 22:02:10,364 - INFO - 微博正文：hive调优之map task数量 网页链接 
2021-04-15 22:02:10,365 - INFO - 原始图片url：
2021-04-15 22:02:10,365 - INFO - 微博位置：
2021-04-15 22:02:10,365 - INFO - 发布时间：2020-03-11
2021-04-15 22:02:10,365 - INFO - 发布工具：分享按钮
2021-04-15 22:02:10,365 - INFO - 点赞数：0
2021-04-15 22:02:10,365 - INFO - 评论数：0
2021-04-15 22:02:10,365 - INFO - 转发数：0
2021-04-15 22:02:10,366 - INFO - 话题：
2021-04-15 22:02:10,366 - INFO - @用户：
2021-04-15 22:02:10,366 - INFO - url：https://m.weibo.cn/detail/4481327673531073
2021-04-15 22:02:10,366 - INFO - ------------------------------------------------------------------------------------------------------------------------
2021-04-15 22:02:10,367 - INFO - 微博id：4481317577995867
2021-04-15 22:02:10,367 - INFO - 微博正文：hive调优之map task数量 网页链接 
2021-04-15 22:02:10,368 - INFO - 原始图片url：
2021-04-15 22:02:10,368 - INFO - 微博位置：
2021-04-15 22:02:10,368 - INFO - 发布时间：2020-03-11
2021-04-15 22:02:10,368 - INFO - 发布工具：分享按钮
2021-04-15 22:02:10,369 - INFO - 点赞数：0
2021-04-15 22:02:10,369 - INFO - 评论数：1
2021-04-15 22:02:10,369 - INFO - 转发数：0
2021-04-15 22:02:10,370 - INFO - 话题：
2021-04-15 22:02:10,370 - INFO - @用户：
2021-04-15 22:02:10,370 - INFO - url：https://m.weibo.cn/detail/4481317577995867
2021-04-15 22:02:10,370 - INFO - ------------------------------------------------------------------------------------------------------------------------
2021-04-15 22:02:10,371 - INFO - 微博id：4480909447458259
2021-04-15 22:02:10,372 - INFO - 微博正文：hive调优之map task数量 网页链接 
2021-04-15 22:02:10,372 - INFO - 原始图片url：
2021-04-15 22:02:10,372 - INFO - 微博位置：
2021-04-15 22:02:10,372 - INFO - 发布时间：2020-03-10
2021-04-15 22:02:10,372 - INFO - 发布工具：分享按钮
2021-04-15 22:02:10,372 - INFO - 点赞数：0
2021-04-15 22:02:10,372 - INFO - 评论数：0
2021-04-15 22:02:10,372 - INFO - 转发数：0
2021-04-15 22:02:10,372 - INFO - 话题：
2021-04-15 22:02:10,372 - INFO - @用户：
2021-04-15 22:02:10,373 - INFO - url：https://m.weibo.cn/detail/4480909447458259
2021-04-15 22:02:10,373 - INFO - ------------------------------------------------------------------------------------------------------------------------
2021-04-15 22:02:10,374 - INFO - 微博id：4478377169984885
2021-04-15 22:02:10,374 - INFO - 微博正文：史上最全的git操作 网页链接 
2021-04-15 22:02:10,374 - INFO - 原始图片url：
2021-04-15 22:02:10,374 - INFO - 微博位置：
2021-04-15 22:02:10,374 - INFO - 发布时间：2020-03-03
2021-04-15 22:02:10,374 - INFO - 发布工具：分享按钮
2021-04-15 22:02:10,374 - INFO - 点赞数：0
2021-04-15 22:02:10,374 - INFO - 评论数：0
2021-04-15 22:02:10,374 - INFO - 转发数：0
2021-04-15 22:02:10,375 - INFO - 话题：
2021-04-15 22:02:10,375 - INFO - @用户：
2021-04-15 22:02:10,375 - INFO - url：https://m.weibo.cn/detail/4478377169984885
2021-04-15 22:02:10,375 - INFO - ------------------------------------------------------------------------------------------------------------------------
2021-04-15 22:02:10,376 - INFO - 微博id：4478107375097886
2021-04-15 22:02:10,376 - INFO - 微博正文：hive transform 网页链接 
2021-04-15 22:02:10,377 - INFO - 原始图片url：
2021-04-15 22:02:10,377 - INFO - 微博位置：
2021-04-15 22:02:10,377 - INFO - 发布时间：2020-03-02
2021-04-15 22:02:10,377 - INFO - 发布工具：分享按钮
2021-04-15 22:02:10,377 - INFO - 点赞数：0
2021-04-15 22:02:10,377 - INFO - 评论数：0
2021-04-15 22:02:10,377 - INFO - 转发数：0
2021-04-15 22:02:10,378 - INFO - 话题：
2021-04-15 22:02:10,378 - INFO - @用户：
2021-04-15 22:02:10,378 - INFO - url：https://m.weibo.cn/detail/4478107375097886
2021-04-15 22:02:10,378 - INFO - ------------------------------------------------------------------------------------------------------------------------
2021-04-15 22:02:10,379 - INFO - 微博id：4413569028274724
2021-04-15 22:02:10,379 - INFO - 微博正文：【linux】 sed、awk、cut、sort、uniq等命令-更新版 网页链接 
2021-04-15 22:02:10,379 - INFO - 原始图片url：
2021-04-15 22:02:10,380 - INFO - 微博位置：
2021-04-15 22:02:10,380 - INFO - 发布时间：2019-09-06
2021-04-15 22:02:10,380 - INFO - 发布工具：分享按钮
2021-04-15 22:02:10,380 - INFO - 点赞数：0
2021-04-15 22:02:10,380 - INFO - 评论数：0
2021-04-15 22:02:10,380 - INFO - 转发数：0
2021-04-15 22:02:10,381 - INFO - 话题：
2021-04-15 22:02:10,381 - INFO - @用户：
2021-04-15 22:02:10,381 - INFO - url：https://m.weibo.cn/detail/4413569028274724
2021-04-15 22:02:10,381 - INFO - ------------------------------------------------------------------------------------------------------------------------
2021-04-15 22:02:10,382 - INFO - 微博id：4413489395334858
2021-04-15 22:02:10,382 - INFO - 微博正文：【linux】 sed、awk、cut、sort、uniq等命令 网页链接 
2021-04-15 22:02:10,382 - INFO - 原始图片url：
2021-04-15 22:02:10,383 - INFO - 微博位置：
2021-04-15 22:02:10,383 - INFO - 发布时间：2019-09-06
2021-04-15 22:02:10,383 - INFO - 发布工具：分享按钮
2021-04-15 22:02:10,383 - INFO - 点赞数：0
2021-04-15 22:02:10,383 - INFO - 评论数：0
2021-04-15 22:02:10,383 - INFO - 转发数：0
2021-04-15 22:02:10,384 - INFO - 话题：
2021-04-15 22:02:10,384 - INFO - @用户：
2021-04-15 22:02:10,384 - INFO - url：https://m.weibo.cn/detail/4413489395334858
2021-04-15 22:02:10,384 - INFO - ------------------------------------------------------------------------------------------------------------------------
2021-04-15 22:02:10,385 - INFO - 微博id：4413204560317994
2021-04-15 22:02:10,385 - INFO - 微博正文：192. 统计词频 - 力扣（LeetCode） 网页链接 
2021-04-15 22:02:10,386 - INFO - 原始图片url：
2021-04-15 22:02:10,386 - INFO - 微博位置：
2021-04-15 22:02:10,386 - INFO - 发布时间：2019-09-05
2021-04-15 22:02:10,386 - INFO - 发布工具：分享按钮
2021-04-15 22:02:10,386 - INFO - 点赞数：0
2021-04-15 22:02:10,386 - INFO - 评论数：0
2021-04-15 22:02:10,386 - INFO - 转发数：0
2021-04-15 22:02:10,387 - INFO - 话题：
2021-04-15 22:02:10,387 - INFO - @用户：
2021-04-15 22:02:10,387 - INFO - url：https://m.weibo.cn/detail/4413204560317994
2021-04-15 22:02:10,387 - INFO - ------------------------------------------------------------------------------------------------------------------------
2021-04-15 22:02:10,388 - INFO - 微博id：4413164596320598
2021-04-15 22:02:10,388 - INFO - 微博正文：177. 第N高的薪水 - 力扣（LeetCode） 网页链接 
2021-04-15 22:02:10,388 - INFO - 原始图片url：
2021-04-15 22:02:10,389 - INFO - 微博位置：
2021-04-15 22:02:10,389 - INFO - 发布时间：2019-09-05
2021-04-15 22:02:10,389 - INFO - 发布工具：分享按钮
2021-04-15 22:02:10,389 - INFO - 点赞数：0
2021-04-15 22:02:10,389 - INFO - 评论数：0
2021-04-15 22:02:10,389 - INFO - 转发数：0
2021-04-15 22:02:10,390 - INFO - 话题：
2021-04-15 22:02:10,390 - INFO - @用户：
2021-04-15 22:02:10,390 - INFO - url：https://m.weibo.cn/detail/4413164596320598
2021-04-15 22:02:10,390 - INFO - ------------------------------------------------------------------------------------------------------------------------
2021-04-15 22:02:10,390 - INFO - ------------------------------已获取窦永厚(5782957659)的第1页微博------------------------------
2021-04-15 22:02:17,675 - INFO - 微博id：4412853144594504
2021-04-15 22:02:17,675 - INFO - 微博正文：【linux】 sed、awk、cut、sort、uniq等命令 网页链接 
2021-04-15 22:02:17,675 - INFO - 原始图片url：
2021-04-15 22:02:17,675 - INFO - 微博位置：
2021-04-15 22:02:17,676 - INFO - 发布时间：2019-09-04
2021-04-15 22:02:17,676 - INFO - 发布工具：分享按钮
2021-04-15 22:02:17,676 - INFO - 点赞数：0
2021-04-15 22:02:17,676 - INFO - 评论数：0
2021-04-15 22:02:17,676 - INFO - 转发数：0
2021-04-15 22:02:17,676 - INFO - 话题：
2021-04-15 22:02:17,676 - INFO - @用户：
2021-04-15 22:02:17,676 - INFO - url：https://m.weibo.cn/detail/4412853144594504
2021-04-15 22:02:17,676 - INFO - ------------------------------------------------------------------------------------------------------------------------
2021-04-15 22:02:17,677 - INFO - 微博id：4412852674369454
2021-04-15 22:02:17,677 - INFO - 微博正文：SHELL剔除另一个的文件内容-CSDN下载 网页链接 
2021-04-15 22:02:17,678 - INFO - 原始图片url：
2021-04-15 22:02:17,678 - INFO - 微博位置：
2021-04-15 22:02:17,678 - INFO - 发布时间：2019-09-04
2021-04-15 22:02:17,678 - INFO - 发布工具：百度分享
2021-04-15 22:02:17,678 - INFO - 点赞数：0
2021-04-15 22:02:17,678 - INFO - 评论数：0
2021-04-15 22:02:17,678 - INFO - 转发数：0
2021-04-15 22:02:17,678 - INFO - 话题：
2021-04-15 22:02:17,679 - INFO - @用户：
2021-04-15 22:02:17,679 - INFO - url：https://m.weibo.cn/detail/4412852674369454
2021-04-15 22:02:17,679 - INFO - ------------------------------------------------------------------------------------------------------------------------
2021-04-15 22:02:17,679 - INFO - ------------------------------已获取窦永厚(5782957659)的第2页微博------------------------------
2021-04-15 22:02:17,681 - INFO - 11条微博写入csv文件完毕,保存路径:
2021-04-15 22:02:17,681 - INFO - D:\code\weibo-master\src\main\python\weibo\窦永厚\5782957659.csv
2021-04-15 22:02:17,706 - INFO - 11条微博写入MySQL数据库完毕
2021-04-15 22:02:17,706 - INFO - 微博爬取完成，共爬取11条微博
2021-04-15 22:02:17,706 - INFO - 信息抓取完毕
2021-04-15 22:02:17,706 - INFO - ****************************************************************************************************
2021-04-15 22:02:41,005 - INFO - 窦永厚 信息写入csv文件完毕，保存路径:
2021-04-15 22:02:41,005 - INFO - D:\code\weibo-master\src\main\python\weibo\users.csv
2021-04-15 22:02:41,050 - INFO - 窦永厚信息写入MySQL数据库完毕
2021-04-15 22:02:41,050 - INFO - ++++++++++++++++++++++++++++++++++++++++++++++++++++++++++++++++++++++++++++++++++++++++++++++++++++
2021-04-15 22:02:41,051 - INFO - 用户信息
2021-04-15 22:02:41,051 - INFO - 用户id：5782957659
2021-04-15 22:02:41,051 - INFO - 用户昵称：窦永厚
2021-04-15 22:02:41,051 - INFO - 性别：男
2021-04-15 22:02:41,051 - INFO - 生日：
2021-04-15 22:02:41,051 - INFO - 所在地：山西 太原
2021-04-15 22:02:41,051 - INFO - 教育经历：
2021-04-15 22:02:41,051 - INFO - 公司：
2021-04-15 22:02:41,052 - INFO - 阳光信用：
2021-04-15 22:02:41,052 - INFO - 注册时间：
2021-04-15 22:02:41,052 - INFO - 微博数：12
2021-04-15 22:02:41,052 - INFO - 粉丝数：20
2021-04-15 22:02:41,052 - INFO - 关注数：10
2021-04-15 22:02:41,052 - INFO - url：https://m.weibo.cn/profile/5782957659
2021-04-15 22:02:41,053 - INFO - 
2021-04-15 22:02:41,053 - INFO - ++++++++++++++++++++++++++++++++++++++++++++++++++++++++++++++++++++++++++++++++++++++++++++++++++++
2021-04-15 22:02:41,381 - INFO - 微博id：4481327673531073
2021-04-15 22:02:41,382 - INFO - 微博正文：hive调优之map task数量 网页链接 
2021-04-15 22:02:41,382 - INFO - 原始图片url：
2021-04-15 22:02:41,382 - INFO - 微博位置：
2021-04-15 22:02:41,382 - INFO - 发布时间：2020-03-11
2021-04-15 22:02:41,383 - INFO - 发布工具：分享按钮
2021-04-15 22:02:41,383 - INFO - 点赞数：0
2021-04-15 22:02:41,383 - INFO - 评论数：0
2021-04-15 22:02:41,383 - INFO - 转发数：0
2021-04-15 22:02:41,383 - INFO - 话题：
2021-04-15 22:02:41,384 - INFO - @用户：
2021-04-15 22:02:41,384 - INFO - url：https://m.weibo.cn/detail/4481327673531073
2021-04-15 22:02:41,384 - INFO - ------------------------------------------------------------------------------------------------------------------------
2021-04-15 22:02:41,385 - INFO - 微博id：4481317577995867
2021-04-15 22:02:41,386 - INFO - 微博正文：hive调优之map task数量 网页链接 
2021-04-15 22:02:41,387 - INFO - 原始图片url：
2021-04-15 22:02:41,387 - INFO - 微博位置：
2021-04-15 22:02:41,387 - INFO - 发布时间：2020-03-11
2021-04-15 22:02:41,387 - INFO - 发布工具：分享按钮
2021-04-15 22:02:41,388 - INFO - 点赞数：0
2021-04-15 22:02:41,388 - INFO - 评论数：1
2021-04-15 22:02:41,388 - INFO - 转发数：0
2021-04-15 22:02:41,388 - INFO - 话题：
2021-04-15 22:02:41,388 - INFO - @用户：
2021-04-15 22:02:41,388 - INFO - url：https://m.weibo.cn/detail/4481317577995867
2021-04-15 22:02:41,388 - INFO - ------------------------------------------------------------------------------------------------------------------------
2021-04-15 22:02:41,391 - INFO - 微博id：4480909447458259
2021-04-15 22:02:41,391 - INFO - 微博正文：hive调优之map task数量 网页链接 
2021-04-15 22:02:41,391 - INFO - 原始图片url：
2021-04-15 22:02:41,392 - INFO - 微博位置：
2021-04-15 22:02:41,392 - INFO - 发布时间：2020-03-10
2021-04-15 22:02:41,392 - INFO - 发布工具：分享按钮
2021-04-15 22:02:41,392 - INFO - 点赞数：0
2021-04-15 22:02:41,392 - INFO - 评论数：0
2021-04-15 22:02:41,392 - INFO - 转发数：0
2021-04-15 22:02:41,392 - INFO - 话题：
2021-04-15 22:02:41,392 - INFO - @用户：
2021-04-15 22:02:41,393 - INFO - url：https://m.weibo.cn/detail/4480909447458259
2021-04-15 22:02:41,393 - INFO - ------------------------------------------------------------------------------------------------------------------------
2021-04-15 22:02:41,394 - INFO - 微博id：4478377169984885
2021-04-15 22:02:41,394 - INFO - 微博正文：史上最全的git操作 网页链接 
2021-04-15 22:02:41,394 - INFO - 原始图片url：
2021-04-15 22:02:41,394 - INFO - 微博位置：
2021-04-15 22:02:41,394 - INFO - 发布时间：2020-03-03
2021-04-15 22:02:41,395 - INFO - 发布工具：分享按钮
2021-04-15 22:02:41,395 - INFO - 点赞数：0
2021-04-15 22:02:41,395 - INFO - 评论数：0
2021-04-15 22:02:41,395 - INFO - 转发数：0
2021-04-15 22:02:41,395 - INFO - 话题：
2021-04-15 22:02:41,395 - INFO - @用户：
2021-04-15 22:02:41,395 - INFO - url：https://m.weibo.cn/detail/4478377169984885
2021-04-15 22:02:41,395 - INFO - ------------------------------------------------------------------------------------------------------------------------
2021-04-15 22:02:41,396 - INFO - 微博id：4478107375097886
2021-04-15 22:02:41,396 - INFO - 微博正文：hive transform 网页链接 
2021-04-15 22:02:41,396 - INFO - 原始图片url：
2021-04-15 22:02:41,396 - INFO - 微博位置：
2021-04-15 22:02:41,396 - INFO - 发布时间：2020-03-02
2021-04-15 22:02:41,396 - INFO - 发布工具：分享按钮
2021-04-15 22:02:41,396 - INFO - 点赞数：0
2021-04-15 22:02:41,396 - INFO - 评论数：0
2021-04-15 22:02:41,397 - INFO - 转发数：0
2021-04-15 22:02:41,397 - INFO - 话题：
2021-04-15 22:02:41,397 - INFO - @用户：
2021-04-15 22:02:41,397 - INFO - url：https://m.weibo.cn/detail/4478107375097886
2021-04-15 22:02:41,398 - INFO - ------------------------------------------------------------------------------------------------------------------------
2021-04-15 22:02:41,399 - INFO - 微博id：4413569028274724
2021-04-15 22:02:41,399 - INFO - 微博正文：【linux】 sed、awk、cut、sort、uniq等命令-更新版 网页链接 
2021-04-15 22:02:41,400 - INFO - 原始图片url：
2021-04-15 22:02:41,400 - INFO - 微博位置：
2021-04-15 22:02:41,400 - INFO - 发布时间：2019-09-06
2021-04-15 22:02:41,400 - INFO - 发布工具：分享按钮
2021-04-15 22:02:41,400 - INFO - 点赞数：0
2021-04-15 22:02:41,400 - INFO - 评论数：0
2021-04-15 22:02:41,400 - INFO - 转发数：0
2021-04-15 22:02:41,401 - INFO - 话题：
2021-04-15 22:02:41,401 - INFO - @用户：
2021-04-15 22:02:41,402 - INFO - url：https://m.weibo.cn/detail/4413569028274724
2021-04-15 22:02:41,402 - INFO - ------------------------------------------------------------------------------------------------------------------------
2021-04-15 22:02:41,403 - INFO - 微博id：4413489395334858
2021-04-15 22:02:41,403 - INFO - 微博正文：【linux】 sed、awk、cut、sort、uniq等命令 网页链接 
2021-04-15 22:02:41,403 - INFO - 原始图片url：
2021-04-15 22:02:41,404 - INFO - 微博位置：
2021-04-15 22:02:41,404 - INFO - 发布时间：2019-09-06
2021-04-15 22:02:41,404 - INFO - 发布工具：分享按钮
2021-04-15 22:02:41,404 - INFO - 点赞数：0
2021-04-15 22:02:41,404 - INFO - 评论数：0
2021-04-15 22:02:41,404 - INFO - 转发数：0
2021-04-15 22:02:41,404 - INFO - 话题：
2021-04-15 22:02:41,404 - INFO - @用户：
2021-04-15 22:02:41,404 - INFO - url：https://m.weibo.cn/detail/4413489395334858
2021-04-15 22:02:41,404 - INFO - ------------------------------------------------------------------------------------------------------------------------
2021-04-15 22:02:41,407 - INFO - 微博id：4413204560317994
2021-04-15 22:02:41,409 - INFO - 微博正文：192. 统计词频 - 力扣（LeetCode） 网页链接 
2021-04-15 22:02:41,409 - INFO - 原始图片url：
2021-04-15 22:02:41,409 - INFO - 微博位置：
2021-04-15 22:02:41,409 - INFO - 发布时间：2019-09-05
2021-04-15 22:02:41,409 - INFO - 发布工具：分享按钮
2021-04-15 22:02:41,410 - INFO - 点赞数：0
2021-04-15 22:02:41,410 - INFO - 评论数：0
2021-04-15 22:02:41,410 - INFO - 转发数：0
2021-04-15 22:02:41,410 - INFO - 话题：
2021-04-15 22:02:41,410 - INFO - @用户：
2021-04-15 22:02:41,411 - INFO - url：https://m.weibo.cn/detail/4413204560317994
2021-04-15 22:02:41,411 - INFO - ------------------------------------------------------------------------------------------------------------------------
2021-04-15 22:02:41,411 - INFO - 微博id：4413164596320598
2021-04-15 22:02:41,411 - INFO - 微博正文：177. 第N高的薪水 - 力扣（LeetCode） 网页链接 
2021-04-15 22:02:41,412 - INFO - 原始图片url：
2021-04-15 22:02:41,412 - INFO - 微博位置：
2021-04-15 22:02:41,412 - INFO - 发布时间：2019-09-05
2021-04-15 22:02:41,412 - INFO - 发布工具：分享按钮
2021-04-15 22:02:41,412 - INFO - 点赞数：0
2021-04-15 22:02:41,412 - INFO - 评论数：0
2021-04-15 22:02:41,412 - INFO - 转发数：0
2021-04-15 22:02:41,412 - INFO - 话题：
2021-04-15 22:02:41,413 - INFO - @用户：
2021-04-15 22:02:41,413 - INFO - url：https://m.weibo.cn/detail/4413164596320598
2021-04-15 22:02:41,413 - INFO - ------------------------------------------------------------------------------------------------------------------------
2021-04-15 22:02:41,413 - INFO - ------------------------------已获取窦永厚(5782957659)的第1页微博------------------------------
2021-04-15 22:02:51,618 - INFO - 微博id：4412853144594504
2021-04-15 22:02:51,618 - INFO - 微博正文：【linux】 sed、awk、cut、sort、uniq等命令 网页链接 
2021-04-15 22:02:51,618 - INFO - 原始图片url：
2021-04-15 22:02:51,618 - INFO - 微博位置：
2021-04-15 22:02:51,618 - INFO - 发布时间：2019-09-04
2021-04-15 22:02:51,619 - INFO - 发布工具：分享按钮
2021-04-15 22:02:51,619 - INFO - 点赞数：0
2021-04-15 22:02:51,619 - INFO - 评论数：0
2021-04-15 22:02:51,619 - INFO - 转发数：0
2021-04-15 22:02:51,619 - INFO - 话题：
2021-04-15 22:02:51,619 - INFO - @用户：
2021-04-15 22:02:51,619 - INFO - url：https://m.weibo.cn/detail/4412853144594504
2021-04-15 22:02:51,619 - INFO - ------------------------------------------------------------------------------------------------------------------------
2021-04-15 22:02:51,620 - INFO - 微博id：4412852674369454
2021-04-15 22:02:51,620 - INFO - 微博正文：SHELL剔除另一个的文件内容-CSDN下载 网页链接 
2021-04-15 22:02:51,621 - INFO - 原始图片url：
2021-04-15 22:02:51,621 - INFO - 微博位置：
2021-04-15 22:02:51,621 - INFO - 发布时间：2019-09-04
2021-04-15 22:02:51,621 - INFO - 发布工具：百度分享
2021-04-15 22:02:51,621 - INFO - 点赞数：0
2021-04-15 22:02:51,621 - INFO - 评论数：0
2021-04-15 22:02:51,622 - INFO - 转发数：0
2021-04-15 22:02:51,622 - INFO - 话题：
2021-04-15 22:02:51,622 - INFO - @用户：
2021-04-15 22:02:51,622 - INFO - url：https://m.weibo.cn/detail/4412852674369454
2021-04-15 22:02:51,622 - INFO - ------------------------------------------------------------------------------------------------------------------------
2021-04-15 22:02:51,622 - INFO - ------------------------------已获取窦永厚(5782957659)的第2页微博------------------------------
2021-04-15 22:02:51,624 - INFO - 11条微博写入csv文件完毕,保存路径:
2021-04-15 22:02:51,625 - INFO - D:\code\weibo-master\src\main\python\weibo\窦永厚\5782957659.csv
2021-04-15 22:02:51,641 - INFO - 11条微博写入MySQL数据库完毕
2021-04-15 22:02:51,641 - INFO - 微博爬取完成，共爬取11条微博
2021-04-15 22:02:51,641 - INFO - 信息抓取完毕
2021-04-15 22:02:51,642 - INFO - ****************************************************************************************************
